
@active @smoke
Scenario: Read details of an existing client                   # src/test/resources/features/client_testing_crud.feature:5
  Given there are registered clients in the system             # com.testing.api.stepDefinitions.ClientSteps.thereAreRegisteredClientsInTheSystem()
  When I retrieve the details of the client with client ID "1" # com.testing.api.stepDefinitions.ClientSteps.sendGETRequest(java.lang.String)
      io.restassured.path.json.exception.JsonPathException: Failed to parse the JSON document
	at io.restassured.path.json.JsonPath$ExceptionCatcher.invoke(JsonPath.java:1002)
	at io.restassured.path.json.JsonPath$4.doParseWith(JsonPath.java:967)
	at io.restassured.path.json.JsonPath$JsonParser.parseWith(JsonPath.java:1047)
	at io.restassured.path.json.JsonPath.toJsonString(JsonPath.java:1064)
	at io.restassured.path.json.JsonPath.prettify(JsonPath.java:685)
	at com.testing.api.stepDefinitions.ClientSteps.sendGETRequest(ClientSteps.java:59)
	at ✽.I retrieve the details of the client with client ID "1"(file:///D:/Java%20Projects/assuredApi/src/test/resources/features/client_testing_crud.feature:7)
Caused by: groovy.json.JsonException: A JSON payload should start with an openning curly brace '{' or an openning square bracket '['.
Instead, '"Not found"' was found on line: 1, column: 1
	at java.base/jdk.internal.reflect.NativeConstructorAccessorImpl.newInstance0(Native Method)
	at java.base/jdk.internal.reflect.NativeConstructorAccessorImpl.newInstance(NativeConstructorAccessorImpl.java:77)
	at java.base/jdk.internal.reflect.DelegatingConstructorAccessorImpl.newInstance(DelegatingConstructorAccessorImpl.java:45)
	at java.base/java.lang.reflect.Constructor.newInstanceWithCaller(Constructor.java:500)
	at java.base/java.lang.reflect.Constructor.newInstance(Constructor.java:481)
	at org.codehaus.groovy.reflection.CachedConstructor.invoke(CachedConstructor.java:73)
	at org.codehaus.groovy.runtime.callsite.ConstructorSite$ConstructorSiteNoUnwrapNoCoerce.callConstructor(ConstructorSite.java:108)
	at org.codehaus.groovy.runtime.callsite.CallSiteArray.defaultCallConstructor(CallSiteArray.java:57)
	at org.codehaus.groovy.runtime.callsite.AbstractCallSite.callConstructor(AbstractCallSite.java:263)
	at org.codehaus.groovy.runtime.callsite.AbstractCallSite.callConstructor(AbstractCallSite.java:277)
	at io.restassured.internal.path.json.ConfigurableJsonSlurper.parse(ConfigurableJsonSlurper.groovy:114)
	at io.restassured.internal.path.json.ConfigurableJsonSlurper$parse.callCurrent(Unknown Source)
	at io.restassured.internal.path.json.ConfigurableJsonSlurper.parseText(ConfigurableJsonSlurper.groovy:83)
	at io.restassured.path.json.JsonPath$4$1.method(JsonPath.java:965)
	at io.restassured.path.json.JsonPath$ExceptionCatcher.invoke(JsonPath.java:1000)
	at io.restassured.path.json.JsonPath$4.doParseWith(JsonPath.java:967)
	at io.restassured.path.json.JsonPath$JsonParser.parseWith(JsonPath.java:1047)
	at io.restassured.path.json.JsonPath.toJsonString(JsonPath.java:1064)
	at io.restassured.path.json.JsonPath.prettify(JsonPath.java:685)
	at com.testing.api.stepDefinitions.ClientSteps.sendGETRequest(ClientSteps.java:59)
	at java.base/jdk.internal.reflect.NativeMethodAccessorImpl.invoke0(Native Method)
	at java.base/jdk.internal.reflect.NativeMethodAccessorImpl.invoke(NativeMethodAccessorImpl.java:77)
	at java.base/jdk.internal.reflect.DelegatingMethodAccessorImpl.invoke(DelegatingMethodAccessorImpl.java:43)
	at java.base/java.lang.reflect.Method.invoke(Method.java:569)
	at io.cucumber.java.Invoker.doInvoke(Invoker.java:66)
	at io.cucumber.java.Invoker.invoke(Invoker.java:24)
	at io.cucumber.java.AbstractGlueDefinition.invokeMethod(AbstractGlueDefinition.java:47)
	at io.cucumber.java.JavaStepDefinition.execute(JavaStepDefinition.java:29)
	at io.cucumber.core.runner.CoreStepDefinition.execute(CoreStepDefinition.java:66)
	at io.cucumber.core.runner.PickleStepDefinitionMatch.runStep(PickleStepDefinitionMatch.java:63)
	at io.cucumber.core.runner.ExecutionMode$1.execute(ExecutionMode.java:10)
	at io.cucumber.core.runner.TestStep.executeStep(TestStep.java:84)
	at io.cucumber.core.runner.TestStep.run(TestStep.java:56)
	at io.cucumber.core.runner.PickleStepTestStep.run(PickleStepTestStep.java:51)
	at io.cucumber.core.runner.TestCase.run(TestCase.java:84)
	at io.cucumber.core.runner.Runner.runPickle(Runner.java:75)
	at io.cucumber.junit.PickleRunners$NoStepDescriptions.lambda$run$0(PickleRunners.java:151)
	at io.cucumber.core.runtime.CucumberExecutionContext.lambda$runTestCase$5(CucumberExecutionContext.java:137)
	at io.cucumber.core.runtime.RethrowingThrowableCollector.executeAndThrow(RethrowingThrowableCollector.java:23)
	at io.cucumber.core.runtime.CucumberExecutionContext.runTestCase(CucumberExecutionContext.java:137)
	at io.cucumber.junit.PickleRunners$NoStepDescriptions.run(PickleRunners.java:148)
	at io.cucumber.junit.FeatureRunner.runChild(FeatureRunner.java:144)
	at io.cucumber.junit.FeatureRunner.runChild(FeatureRunner.java:28)
	at org.junit.runners.ParentRunner$4.run(ParentRunner.java:331)
	at org.junit.runners.ParentRunner$1.schedule(ParentRunner.java:79)
	at org.junit.runners.ParentRunner.runChildren(ParentRunner.java:329)
	at org.junit.runners.ParentRunner.access$100(ParentRunner.java:66)
	at org.junit.runners.ParentRunner$2.evaluate(ParentRunner.java:293)
	at org.junit.runners.ParentRunner$3.evaluate(ParentRunner.java:306)
	at org.junit.runners.ParentRunner.run(ParentRunner.java:413)
	at io.cucumber.junit.FeatureRunner.run(FeatureRunner.java:137)
	at io.cucumber.junit.Cucumber.runChild(Cucumber.java:196)
	at io.cucumber.junit.Cucumber.runChild(Cucumber.java:89)
	at org.junit.runners.ParentRunner$4.run(ParentRunner.java:331)
	at org.junit.runners.ParentRunner$1.schedule(ParentRunner.java:79)
	at org.junit.runners.ParentRunner.runChildren(ParentRunner.java:329)
	at org.junit.runners.ParentRunner.access$100(ParentRunner.java:66)
	at org.junit.runners.ParentRunner$2.evaluate(ParentRunner.java:293)
	at io.cucumber.core.runtime.CucumberExecutionContext.lambda$runFeatures$6(CucumberExecutionContext.java:148)
	at io.cucumber.core.runtime.CucumberExecutionContext.execute(CucumberExecutionContext.java:163)
	at io.cucumber.core.runtime.CucumberExecutionContext.runFeatures(CucumberExecutionContext.java:146)
	at io.cucumber.junit.Cucumber$StartAndFinishTestRun.evaluate(Cucumber.java:226)
	at org.junit.runners.ParentRunner$3.evaluate(ParentRunner.java:306)
	at org.junit.runners.ParentRunner.run(ParentRunner.java:413)
	at org.junit.runner.JUnitCore.run(JUnitCore.java:137)
	at com.intellij.junit4.JUnit4IdeaTestRunner.startRunnerWithArgs(JUnit4IdeaTestRunner.java:69)
	at com.intellij.rt.junit.IdeaTestRunner$Repeater$1.execute(IdeaTestRunner.java:38)
	at com.intellij.rt.execution.junit.TestsRepeater.repeat(TestsRepeater.java:11)
	at com.intellij.rt.junit.IdeaTestRunner$Repeater.startRunnerWithArgs(IdeaTestRunner.java:35)
	at com.intellij.rt.junit.JUnitStarter.prepareStreamsAndStart(JUnitStarter.java:232)
	at com.intellij.rt.junit.JUnitStarter.main(JUnitStarter.java:55)

  Then the client response should have a status code of 200    # com.testing.api.stepDefinitions.ClientSteps.theClientResponseShouldHaveAStatusCodeOf(int)
  And the client response should have the following details:   # com.testing.api.stepDefinitions.ClientSteps.theClientResponseShouldHaveTheFollowingDetails(io.cucumber.datatable.DataTable)
    | name   | lastName | country  | city   | email              | phone       | id |
    | Manuel | Munoz    | Colombia | Bogota | manuel@example.com | 555-1234567 | 1  |
  And validates the client response with client JSON schema    # com.testing.api.stepDefinitions.ClientSteps.userValidatesClientResponseWithClientJSONSchema()

@active @smoke
Scenario: Create a new client                                # src/test/resources/features/client_testing_crud.feature:15
  Given I have a client with the following client details:   # com.testing.api.stepDefinitions.ClientSteps.iHaveAClientWithTheFollowingClientDetails(io.cucumber.datatable.DataTable)
    | name | lastName | country | city     | email                | phone       | id |
    | John | Doe      | USA     | New York | john.doe@example.com | 555-9876543 | 2  |
  When I send a POST request to create a client              # com.testing.api.stepDefinitions.ClientSteps.iSendAPOSTRequestToCreateAClient()
  Then the client response should have a status code of 201  # com.testing.api.stepDefinitions.ClientSteps.theClientResponseShouldHaveAStatusCodeOf(int)
  And the client response should have the following details: # com.testing.api.stepDefinitions.ClientSteps.theClientResponseShouldHaveTheFollowingDetails(io.cucumber.datatable.DataTable)
    | name | lastName | country | city     | email                | phone       | id |
    | John | Doe      | USA     | New York | john.doe@example.com | 555-9876543 | 2  |
      java.lang.AssertionError: expected:<null> but was:<John>
	at org.junit.Assert.fail(Assert.java:89)
	at org.junit.Assert.failNotEquals(Assert.java:835)
	at org.junit.Assert.assertEquals(Assert.java:120)
	at org.junit.Assert.assertEquals(Assert.java:146)
	at com.testing.api.stepDefinitions.ClientSteps.theClientResponseShouldHaveTheFollowingDetails(ClientSteps.java:94)
	at ✽.the client response should have the following details:(file:///D:/Java%20Projects/assuredApi/src/test/resources/features/client_testing_crud.feature:21)

  And validates the client response with client JSON schema  # com.testing.api.stepDefinitions.ClientSteps.userValidatesClientResponseWithClientJSONSchema()

@active @smoke @regression
Scenario: View all the clients                                   # src/test/resources/features/client_testing_crud.feature:27
  Given there are registered clients in the system               # com.testing.api.stepDefinitions.ClientSteps.thereAreRegisteredClientsInTheSystem()
  When I send a GET request to view all the clients              # com.testing.api.stepDefinitions.ClientSteps.iSendAGETRequestToViewAllTheClients()
  Then the client response should have a status code of 200      # com.testing.api.stepDefinitions.ClientSteps.theClientResponseShouldHaveAStatusCodeOf(int)
  And validates the client response with client list JSON schema # com.testing.api.stepDefinitions.ClientSteps.validatesTheClientResponseWithClientListJSONSchema()

@active @smoke
Scenario: Update client details                                     # src/test/resources/features/client_testing_crud.feature:34
  Given there are registered clients in the system                  # com.testing.api.stepDefinitions.ClientSteps.thereAreRegisteredClientsInTheSystem()
  And I retrieve the details of the client with client ID "1"       # com.testing.api.stepDefinitions.ClientSteps.sendGETRequest(java.lang.String)
      io.restassured.path.json.exception.JsonPathException: Failed to parse the JSON document
	at io.restassured.path.json.JsonPath$ExceptionCatcher.invoke(JsonPath.java:1002)
	at io.restassured.path.json.JsonPath$4.doParseWith(JsonPath.java:967)
	at io.restassured.path.json.JsonPath$JsonParser.parseWith(JsonPath.java:1047)
	at io.restassured.path.json.JsonPath.toJsonString(JsonPath.java:1064)
	at io.restassured.path.json.JsonPath.prettify(JsonPath.java:685)
	at com.testing.api.stepDefinitions.ClientSteps.sendGETRequest(ClientSteps.java:59)
	at ✽.I retrieve the details of the client with client ID "1"(file:///D:/Java%20Projects/assuredApi/src/test/resources/features/client_testing_crud.feature:36)
Caused by: groovy.json.JsonException: A JSON payload should start with an openning curly brace '{' or an openning square bracket '['.
Instead, '"Not found"' was found on line: 1, column: 1
	at java.base/jdk.internal.reflect.NativeConstructorAccessorImpl.newInstance0(Native Method)
	at java.base/jdk.internal.reflect.NativeConstructorAccessorImpl.newInstance(NativeConstructorAccessorImpl.java:77)
	at java.base/jdk.internal.reflect.DelegatingConstructorAccessorImpl.newInstance(DelegatingConstructorAccessorImpl.java:45)
	at java.base/java.lang.reflect.Constructor.newInstanceWithCaller(Constructor.java:500)
	at java.base/java.lang.reflect.Constructor.newInstance(Constructor.java:481)
	at org.codehaus.groovy.reflection.CachedConstructor.invoke(CachedConstructor.java:73)
	at org.codehaus.groovy.runtime.callsite.ConstructorSite$ConstructorSiteNoUnwrapNoCoerce.callConstructor(ConstructorSite.java:108)
	at org.codehaus.groovy.runtime.callsite.AbstractCallSite.callConstructor(AbstractCallSite.java:277)
	at io.restassured.internal.path.json.ConfigurableJsonSlurper.parse(ConfigurableJsonSlurper.groovy:114)
	at io.restassured.internal.path.json.ConfigurableJsonSlurper$parse.callCurrent(Unknown Source)
	at io.restassured.internal.path.json.ConfigurableJsonSlurper.parseText(ConfigurableJsonSlurper.groovy:83)
	at io.restassured.path.json.JsonPath$4$1.method(JsonPath.java:965)
	at io.restassured.path.json.JsonPath$ExceptionCatcher.invoke(JsonPath.java:1000)
	at io.restassured.path.json.JsonPath$4.doParseWith(JsonPath.java:967)
	at io.restassured.path.json.JsonPath$JsonParser.parseWith(JsonPath.java:1047)
	at io.restassured.path.json.JsonPath.toJsonString(JsonPath.java:1064)
	at io.restassured.path.json.JsonPath.prettify(JsonPath.java:685)
	at com.testing.api.stepDefinitions.ClientSteps.sendGETRequest(ClientSteps.java:59)
	at java.base/jdk.internal.reflect.NativeMethodAccessorImpl.invoke0(Native Method)
	at java.base/jdk.internal.reflect.NativeMethodAccessorImpl.invoke(NativeMethodAccessorImpl.java:77)
	at java.base/jdk.internal.reflect.DelegatingMethodAccessorImpl.invoke(DelegatingMethodAccessorImpl.java:43)
	at java.base/java.lang.reflect.Method.invoke(Method.java:569)
	at io.cucumber.java.Invoker.doInvoke(Invoker.java:66)
	at io.cucumber.java.Invoker.invoke(Invoker.java:24)
	at io.cucumber.java.AbstractGlueDefinition.invokeMethod(AbstractGlueDefinition.java:47)
	at io.cucumber.java.JavaStepDefinition.execute(JavaStepDefinition.java:29)
	at io.cucumber.core.runner.CoreStepDefinition.execute(CoreStepDefinition.java:66)
	at io.cucumber.core.runner.PickleStepDefinitionMatch.runStep(PickleStepDefinitionMatch.java:63)
	at io.cucumber.core.runner.ExecutionMode$1.execute(ExecutionMode.java:10)
	at io.cucumber.core.runner.TestStep.executeStep(TestStep.java:84)
	at io.cucumber.core.runner.TestStep.run(TestStep.java:56)
	at io.cucumber.core.runner.PickleStepTestStep.run(PickleStepTestStep.java:51)
	at io.cucumber.core.runner.TestCase.run(TestCase.java:84)
	at io.cucumber.core.runner.Runner.runPickle(Runner.java:75)
	at io.cucumber.junit.PickleRunners$NoStepDescriptions.lambda$run$0(PickleRunners.java:151)
	at io.cucumber.core.runtime.CucumberExecutionContext.lambda$runTestCase$5(CucumberExecutionContext.java:137)
	at io.cucumber.core.runtime.RethrowingThrowableCollector.executeAndThrow(RethrowingThrowableCollector.java:23)
	at io.cucumber.core.runtime.CucumberExecutionContext.runTestCase(CucumberExecutionContext.java:137)
	at io.cucumber.junit.PickleRunners$NoStepDescriptions.run(PickleRunners.java:148)
	at io.cucumber.junit.FeatureRunner.runChild(FeatureRunner.java:144)
	at io.cucumber.junit.FeatureRunner.runChild(FeatureRunner.java:28)
	at org.junit.runners.ParentRunner$4.run(ParentRunner.java:331)
	at org.junit.runners.ParentRunner$1.schedule(ParentRunner.java:79)
	at org.junit.runners.ParentRunner.runChildren(ParentRunner.java:329)
	at org.junit.runners.ParentRunner.access$100(ParentRunner.java:66)
	at org.junit.runners.ParentRunner$2.evaluate(ParentRunner.java:293)
	at org.junit.runners.ParentRunner$3.evaluate(ParentRunner.java:306)
	at org.junit.runners.ParentRunner.run(ParentRunner.java:413)
	at io.cucumber.junit.FeatureRunner.run(FeatureRunner.java:137)
	at io.cucumber.junit.Cucumber.runChild(Cucumber.java:196)
	at io.cucumber.junit.Cucumber.runChild(Cucumber.java:89)
	at org.junit.runners.ParentRunner$4.run(ParentRunner.java:331)
	at org.junit.runners.ParentRunner$1.schedule(ParentRunner.java:79)
	at org.junit.runners.ParentRunner.runChildren(ParentRunner.java:329)
	at org.junit.runners.ParentRunner.access$100(ParentRunner.java:66)
	at org.junit.runners.ParentRunner$2.evaluate(ParentRunner.java:293)
	at io.cucumber.core.runtime.CucumberExecutionContext.lambda$runFeatures$6(CucumberExecutionContext.java:148)
	at io.cucumber.core.runtime.CucumberExecutionContext.execute(CucumberExecutionContext.java:163)
	at io.cucumber.core.runtime.CucumberExecutionContext.runFeatures(CucumberExecutionContext.java:146)
	at io.cucumber.junit.Cucumber$StartAndFinishTestRun.evaluate(Cucumber.java:226)
	at org.junit.runners.ParentRunner$3.evaluate(ParentRunner.java:306)
	at org.junit.runners.ParentRunner.run(ParentRunner.java:413)
	at org.junit.runner.JUnitCore.run(JUnitCore.java:137)
	at com.intellij.junit4.JUnit4IdeaTestRunner.startRunnerWithArgs(JUnit4IdeaTestRunner.java:69)
	at com.intellij.rt.junit.IdeaTestRunner$Repeater$1.execute(IdeaTestRunner.java:38)
	at com.intellij.rt.execution.junit.TestsRepeater.repeat(TestsRepeater.java:11)
	at com.intellij.rt.junit.IdeaTestRunner$Repeater.startRunnerWithArgs(IdeaTestRunner.java:35)
	at com.intellij.rt.junit.JUnitStarter.prepareStreamsAndStart(JUnitStarter.java:232)
	at com.intellij.rt.junit.JUnitStarter.main(JUnitStarter.java:55)

  When I send a PUT request to update the client with client ID "1" # com.testing.api.stepDefinitions.ClientSteps.iSendAPUTRequestToUpdateTheClientWithClientID(java.lang.String,java.lang.String)
  Then the client response should have a status code of 200         # com.testing.api.stepDefinitions.ClientSteps.theClientResponseShouldHaveAStatusCodeOf(int)
  And the client response should have the following details:        # com.testing.api.stepDefinitions.ClientSteps.theClientResponseShouldHaveTheFollowingDetails(io.cucumber.datatable.DataTable)
    | name  | lastName | country | city      | email                   | phone       | id |
    | Maria | Gomez    | Spain   | Barcelona | maria.gomez@example.com | 555-6543210 | 1  |
  And validates the client response with client JSON schema         # com.testing.api.stepDefinitions.ClientSteps.userValidatesClientResponseWithClientJSONSchema()

@active @smoke @regression
Scenario: Delete an existing client                                    # src/test/resources/features/client_testing_crud.feature:55
  Given there are registered clients in the system                     # com.testing.api.stepDefinitions.ClientSteps.thereAreRegisteredClientsInTheSystem()
  When I send a DELETE request to delete the client with client ID "1" # com.testing.api.stepDefinitions.ClientSteps.iSendADELETERequestToDeleteTheClientWithClientID(java.lang.String)
  Then the client response should have a status code of 200            # com.testing.api.stepDefinitions.ClientSteps.theClientResponseShouldHaveAStatusCodeOf(int)
      java.lang.AssertionError: expected:<200> but was:<404>
	at org.junit.Assert.fail(Assert.java:89)
	at org.junit.Assert.failNotEquals(Assert.java:835)
	at org.junit.Assert.assertEquals(Assert.java:647)
	at org.junit.Assert.assertEquals(Assert.java:633)
	at com.testing.api.stepDefinitions.ClientSteps.theClientResponseShouldHaveAStatusCodeOf(ClientSteps.java:86)
	at ✽.the client response should have a status code of 200(file:///D:/Java%20Projects/assuredApi/src/test/resources/features/client_testing_crud.feature:58)

  And the client response should have the following details:           # com.testing.api.stepDefinitions.ClientSteps.theClientResponseShouldHaveTheFollowingDetails(io.cucumber.datatable.DataTable)
    | name  | lastName | country | city      | email                   | phone       | id |
    | Maria | Gomez    | Spain   | Barcelona | maria.gomez@example.com | 555-6543210 | 1  |
  And validates the client response with client JSON schema            # com.testing.api.stepDefinitions.ClientSteps.userValidatesClientResponseWithClientJSONSchema()

@active @smoke
Scenario: Read details of an existing resource            # src/test/resources/features/resource_testing_crud.feature:5
  Given there are registered resources in the system      # com.testing.api.stepDefinitions.ResourceSteps.thereAreRegisteredResourcesInTheSystem()
  When I retrieve the details of the resource with ID "1" # com.testing.api.stepDefinitions.ResourceSteps.sendGETRequest(java.lang.String)
      io.restassured.path.json.exception.JsonPathException: Failed to parse the JSON document
	at io.restassured.path.json.JsonPath$ExceptionCatcher.invoke(JsonPath.java:1002)
	at io.restassured.path.json.JsonPath$4.doParseWith(JsonPath.java:967)
	at io.restassured.path.json.JsonPath$JsonParser.parseWith(JsonPath.java:1047)
	at io.restassured.path.json.JsonPath.toJsonString(JsonPath.java:1064)
	at io.restassured.path.json.JsonPath.prettify(JsonPath.java:685)
	at com.testing.api.stepDefinitions.ResourceSteps.sendGETRequest(ResourceSteps.java:59)
	at ✽.I retrieve the details of the resource with ID "1"(file:///D:/Java%20Projects/assuredApi/src/test/resources/features/resource_testing_crud.feature:7)
Caused by: groovy.json.JsonException: A JSON payload should start with an openning curly brace '{' or an openning square bracket '['.
Instead, '"Not found"' was found on line: 1, column: 1
	at java.base/jdk.internal.reflect.NativeConstructorAccessorImpl.newInstance0(Native Method)
	at java.base/jdk.internal.reflect.NativeConstructorAccessorImpl.newInstance(NativeConstructorAccessorImpl.java:77)
	at java.base/jdk.internal.reflect.DelegatingConstructorAccessorImpl.newInstance(DelegatingConstructorAccessorImpl.java:45)
	at java.base/java.lang.reflect.Constructor.newInstanceWithCaller(Constructor.java:500)
	at java.base/java.lang.reflect.Constructor.newInstance(Constructor.java:481)
	at org.codehaus.groovy.reflection.CachedConstructor.invoke(CachedConstructor.java:73)
	at org.codehaus.groovy.runtime.callsite.ConstructorSite$ConstructorSiteNoUnwrapNoCoerce.callConstructor(ConstructorSite.java:108)
	at org.codehaus.groovy.runtime.callsite.AbstractCallSite.callConstructor(AbstractCallSite.java:277)
	at io.restassured.internal.path.json.ConfigurableJsonSlurper.parse(ConfigurableJsonSlurper.groovy:114)
	at io.restassured.internal.path.json.ConfigurableJsonSlurper$parse.callCurrent(Unknown Source)
	at io.restassured.internal.path.json.ConfigurableJsonSlurper.parseText(ConfigurableJsonSlurper.groovy:83)
	at io.restassured.path.json.JsonPath$4$1.method(JsonPath.java:965)
	at io.restassured.path.json.JsonPath$ExceptionCatcher.invoke(JsonPath.java:1000)
	at io.restassured.path.json.JsonPath$4.doParseWith(JsonPath.java:967)
	at io.restassured.path.json.JsonPath$JsonParser.parseWith(JsonPath.java:1047)
	at io.restassured.path.json.JsonPath.toJsonString(JsonPath.java:1064)
	at io.restassured.path.json.JsonPath.prettify(JsonPath.java:685)
	at com.testing.api.stepDefinitions.ResourceSteps.sendGETRequest(ResourceSteps.java:59)
	at java.base/jdk.internal.reflect.NativeMethodAccessorImpl.invoke0(Native Method)
	at java.base/jdk.internal.reflect.NativeMethodAccessorImpl.invoke(NativeMethodAccessorImpl.java:77)
	at java.base/jdk.internal.reflect.DelegatingMethodAccessorImpl.invoke(DelegatingMethodAccessorImpl.java:43)
	at java.base/java.lang.reflect.Method.invoke(Method.java:569)
	at io.cucumber.java.Invoker.doInvoke(Invoker.java:66)
	at io.cucumber.java.Invoker.invoke(Invoker.java:24)
	at io.cucumber.java.AbstractGlueDefinition.invokeMethod(AbstractGlueDefinition.java:47)
	at io.cucumber.java.JavaStepDefinition.execute(JavaStepDefinition.java:29)
	at io.cucumber.core.runner.CoreStepDefinition.execute(CoreStepDefinition.java:66)
	at io.cucumber.core.runner.PickleStepDefinitionMatch.runStep(PickleStepDefinitionMatch.java:63)
	at io.cucumber.core.runner.ExecutionMode$1.execute(ExecutionMode.java:10)
	at io.cucumber.core.runner.TestStep.executeStep(TestStep.java:84)
	at io.cucumber.core.runner.TestStep.run(TestStep.java:56)
	at io.cucumber.core.runner.PickleStepTestStep.run(PickleStepTestStep.java:51)
	at io.cucumber.core.runner.TestCase.run(TestCase.java:84)
	at io.cucumber.core.runner.Runner.runPickle(Runner.java:75)
	at io.cucumber.junit.PickleRunners$NoStepDescriptions.lambda$run$0(PickleRunners.java:151)
	at io.cucumber.core.runtime.CucumberExecutionContext.lambda$runTestCase$5(CucumberExecutionContext.java:137)
	at io.cucumber.core.runtime.RethrowingThrowableCollector.executeAndThrow(RethrowingThrowableCollector.java:23)
	at io.cucumber.core.runtime.CucumberExecutionContext.runTestCase(CucumberExecutionContext.java:137)
	at io.cucumber.junit.PickleRunners$NoStepDescriptions.run(PickleRunners.java:148)
	at io.cucumber.junit.FeatureRunner.runChild(FeatureRunner.java:144)
	at io.cucumber.junit.FeatureRunner.runChild(FeatureRunner.java:28)
	at org.junit.runners.ParentRunner$4.run(ParentRunner.java:331)
	at org.junit.runners.ParentRunner$1.schedule(ParentRunner.java:79)
	at org.junit.runners.ParentRunner.runChildren(ParentRunner.java:329)
	at org.junit.runners.ParentRunner.access$100(ParentRunner.java:66)
	at org.junit.runners.ParentRunner$2.evaluate(ParentRunner.java:293)
	at org.junit.runners.ParentRunner$3.evaluate(ParentRunner.java:306)
	at org.junit.runners.ParentRunner.run(ParentRunner.java:413)
	at io.cucumber.junit.FeatureRunner.run(FeatureRunner.java:137)
	at io.cucumber.junit.Cucumber.runChild(Cucumber.java:196)
	at io.cucumber.junit.Cucumber.runChild(Cucumber.java:89)
	at org.junit.runners.ParentRunner$4.run(ParentRunner.java:331)
	at org.junit.runners.ParentRunner$1.schedule(ParentRunner.java:79)
	at org.junit.runners.ParentRunner.runChildren(ParentRunner.java:329)
	at org.junit.runners.ParentRunner.access$100(ParentRunner.java:66)
	at org.junit.runners.ParentRunner$2.evaluate(ParentRunner.java:293)
	at io.cucumber.core.runtime.CucumberExecutionContext.lambda$runFeatures$6(CucumberExecutionContext.java:148)
	at io.cucumber.core.runtime.CucumberExecutionContext.execute(CucumberExecutionContext.java:163)
	at io.cucumber.core.runtime.CucumberExecutionContext.runFeatures(CucumberExecutionContext.java:146)
	at io.cucumber.junit.Cucumber$StartAndFinishTestRun.evaluate(Cucumber.java:226)
	at org.junit.runners.ParentRunner$3.evaluate(ParentRunner.java:306)
	at org.junit.runners.ParentRunner.run(ParentRunner.java:413)
	at org.junit.runner.JUnitCore.run(JUnitCore.java:137)
	at com.intellij.junit4.JUnit4IdeaTestRunner.startRunnerWithArgs(JUnit4IdeaTestRunner.java:69)
	at com.intellij.rt.junit.IdeaTestRunner$Repeater$1.execute(IdeaTestRunner.java:38)
	at com.intellij.rt.execution.junit.TestsRepeater.repeat(TestsRepeater.java:11)
	at com.intellij.rt.junit.IdeaTestRunner$Repeater.startRunnerWithArgs(IdeaTestRunner.java:35)
	at com.intellij.rt.junit.JUnitStarter.prepareStreamsAndStart(JUnitStarter.java:232)
	at com.intellij.rt.junit.JUnitStarter.main(JUnitStarter.java:55)

  Then the response should have a status code of 200      # com.testing.api.stepDefinitions.ResourceSteps.theResponseShouldHaveAStatusCodeOf(int)
  And the response should have the following details:     # com.testing.api.stepDefinitions.ResourceSteps.theResponseShouldHaveTheFollowingDetails(io.cucumber.datatable.DataTable)
    | name        | trademark  | stock | price | description          | tags       | active | id |
    | ResourceOne | Trademark1 | 100   | 29.99 | Description for Res1 | Tag1, Tag2 | true   | 1  |
  And validates the response with resource JSON schema    # com.testing.api.stepDefinitions.ResourceSteps.userValidatesResponseWithResourceJSONSchema()

@active @smoke
Scenario: Create a new resource                                       # src/test/resources/features/resource_testing_crud.feature:15
  Given I have a resource with the following details:                 # com.testing.api.stepDefinitions.ResourceSteps.iHaveAResourceWithTheFollowingDetails(io.cucumber.datatable.DataTable)
    | name        | trademark  | stock | price | description          | tags       | active | id |
    | ResourceTwo | Trademark2 | 200   | 49.99 | Description for Res2 | Tag3, Tag4 | false  | 2  |
  When I send a POST request to create a resource                     # com.testing.api.stepDefinitions.ResourceSteps.iSendAPOSTRequestToCreateAResource()
  Then the response should have a status code of 201                  # com.testing.api.stepDefinitions.ResourceSteps.theResponseShouldHaveAStatusCodeOf(int)
  And the response should include the details of the created resource
  And validates the response with resource JSON schema                # com.testing.api.stepDefinitions.ResourceSteps.userValidatesResponseWithResourceJSONSchema()

@active @smoke @regression
Scenario: View all the resources                            # src/test/resources/features/resource_testing_crud.feature:25
  Given there are registered resources in the system        # com.testing.api.stepDefinitions.ResourceSteps.thereAreRegisteredResourcesInTheSystem()
  When I send a GET request to view all the resources       # com.testing.api.stepDefinitions.ResourceSteps.iSendAGETRequestToViewAllTheResources()
  Then the response should have a status code of 200        # com.testing.api.stepDefinitions.ResourceSteps.theResponseShouldHaveAStatusCodeOf(int)
  And validates the response with resource list JSON schema # com.testing.api.stepDefinitions.ResourceSteps.userValidatesResponseWithResourceListJSONSchema()

@active @smoke
Scenario: Update resource details                              # src/test/resources/features/resource_testing_crud.feature:32
  Given there are registered resources in the system           # com.testing.api.stepDefinitions.ResourceSteps.thereAreRegisteredResourcesInTheSystem()
  And I retrieve the details of the resource with ID "1"       # com.testing.api.stepDefinitions.ResourceSteps.sendGETRequest(java.lang.String)
      io.restassured.path.json.exception.JsonPathException: Failed to parse the JSON document
	at io.restassured.path.json.JsonPath$ExceptionCatcher.invoke(JsonPath.java:1002)
	at io.restassured.path.json.JsonPath$4.doParseWith(JsonPath.java:967)
	at io.restassured.path.json.JsonPath$JsonParser.parseWith(JsonPath.java:1047)
	at io.restassured.path.json.JsonPath.toJsonString(JsonPath.java:1064)
	at io.restassured.path.json.JsonPath.prettify(JsonPath.java:685)
	at com.testing.api.stepDefinitions.ResourceSteps.sendGETRequest(ResourceSteps.java:59)
	at ✽.I retrieve the details of the resource with ID "1"(file:///D:/Java%20Projects/assuredApi/src/test/resources/features/resource_testing_crud.feature:34)
Caused by: groovy.json.JsonException: A JSON payload should start with an openning curly brace '{' or an openning square bracket '['.
Instead, '"Not found"' was found on line: 1, column: 1
	at java.base/jdk.internal.reflect.NativeConstructorAccessorImpl.newInstance0(Native Method)
	at java.base/jdk.internal.reflect.NativeConstructorAccessorImpl.newInstance(NativeConstructorAccessorImpl.java:77)
	at java.base/jdk.internal.reflect.DelegatingConstructorAccessorImpl.newInstance(DelegatingConstructorAccessorImpl.java:45)
	at java.base/java.lang.reflect.Constructor.newInstanceWithCaller(Constructor.java:500)
	at java.base/java.lang.reflect.Constructor.newInstance(Constructor.java:481)
	at org.codehaus.groovy.reflection.CachedConstructor.invoke(CachedConstructor.java:73)
	at org.codehaus.groovy.runtime.callsite.ConstructorSite$ConstructorSiteNoUnwrapNoCoerce.callConstructor(ConstructorSite.java:108)
	at org.codehaus.groovy.runtime.callsite.AbstractCallSite.callConstructor(AbstractCallSite.java:277)
	at io.restassured.internal.path.json.ConfigurableJsonSlurper.parse(ConfigurableJsonSlurper.groovy:114)
	at io.restassured.internal.path.json.ConfigurableJsonSlurper$parse.callCurrent(Unknown Source)
	at io.restassured.internal.path.json.ConfigurableJsonSlurper.parseText(ConfigurableJsonSlurper.groovy:83)
	at io.restassured.path.json.JsonPath$4$1.method(JsonPath.java:965)
	at io.restassured.path.json.JsonPath$ExceptionCatcher.invoke(JsonPath.java:1000)
	at io.restassured.path.json.JsonPath$4.doParseWith(JsonPath.java:967)
	at io.restassured.path.json.JsonPath$JsonParser.parseWith(JsonPath.java:1047)
	at io.restassured.path.json.JsonPath.toJsonString(JsonPath.java:1064)
	at io.restassured.path.json.JsonPath.prettify(JsonPath.java:685)
	at com.testing.api.stepDefinitions.ResourceSteps.sendGETRequest(ResourceSteps.java:59)
	at java.base/jdk.internal.reflect.NativeMethodAccessorImpl.invoke0(Native Method)
	at java.base/jdk.internal.reflect.NativeMethodAccessorImpl.invoke(NativeMethodAccessorImpl.java:77)
	at java.base/jdk.internal.reflect.DelegatingMethodAccessorImpl.invoke(DelegatingMethodAccessorImpl.java:43)
	at java.base/java.lang.reflect.Method.invoke(Method.java:569)
	at io.cucumber.java.Invoker.doInvoke(Invoker.java:66)
	at io.cucumber.java.Invoker.invoke(Invoker.java:24)
	at io.cucumber.java.AbstractGlueDefinition.invokeMethod(AbstractGlueDefinition.java:47)
	at io.cucumber.java.JavaStepDefinition.execute(JavaStepDefinition.java:29)
	at io.cucumber.core.runner.CoreStepDefinition.execute(CoreStepDefinition.java:66)
	at io.cucumber.core.runner.PickleStepDefinitionMatch.runStep(PickleStepDefinitionMatch.java:63)
	at io.cucumber.core.runner.ExecutionMode$1.execute(ExecutionMode.java:10)
	at io.cucumber.core.runner.TestStep.executeStep(TestStep.java:84)
	at io.cucumber.core.runner.TestStep.run(TestStep.java:56)
	at io.cucumber.core.runner.PickleStepTestStep.run(PickleStepTestStep.java:51)
	at io.cucumber.core.runner.TestCase.run(TestCase.java:84)
	at io.cucumber.core.runner.Runner.runPickle(Runner.java:75)
	at io.cucumber.junit.PickleRunners$NoStepDescriptions.lambda$run$0(PickleRunners.java:151)
	at io.cucumber.core.runtime.CucumberExecutionContext.lambda$runTestCase$5(CucumberExecutionContext.java:137)
	at io.cucumber.core.runtime.RethrowingThrowableCollector.executeAndThrow(RethrowingThrowableCollector.java:23)
	at io.cucumber.core.runtime.CucumberExecutionContext.runTestCase(CucumberExecutionContext.java:137)
	at io.cucumber.junit.PickleRunners$NoStepDescriptions.run(PickleRunners.java:148)
	at io.cucumber.junit.FeatureRunner.runChild(FeatureRunner.java:144)
	at io.cucumber.junit.FeatureRunner.runChild(FeatureRunner.java:28)
	at org.junit.runners.ParentRunner$4.run(ParentRunner.java:331)
	at org.junit.runners.ParentRunner$1.schedule(ParentRunner.java:79)
	at org.junit.runners.ParentRunner.runChildren(ParentRunner.java:329)
	at org.junit.runners.ParentRunner.access$100(ParentRunner.java:66)
	at org.junit.runners.ParentRunner$2.evaluate(ParentRunner.java:293)
	at org.junit.runners.ParentRunner$3.evaluate(ParentRunner.java:306)
	at org.junit.runners.ParentRunner.run(ParentRunner.java:413)
	at io.cucumber.junit.FeatureRunner.run(FeatureRunner.java:137)
	at io.cucumber.junit.Cucumber.runChild(Cucumber.java:196)
	at io.cucumber.junit.Cucumber.runChild(Cucumber.java:89)
	at org.junit.runners.ParentRunner$4.run(ParentRunner.java:331)
	at org.junit.runners.ParentRunner$1.schedule(ParentRunner.java:79)
	at org.junit.runners.ParentRunner.runChildren(ParentRunner.java:329)
	at org.junit.runners.ParentRunner.access$100(ParentRunner.java:66)
	at org.junit.runners.ParentRunner$2.evaluate(ParentRunner.java:293)
	at io.cucumber.core.runtime.CucumberExecutionContext.lambda$runFeatures$6(CucumberExecutionContext.java:148)
	at io.cucumber.core.runtime.CucumberExecutionContext.execute(CucumberExecutionContext.java:163)
	at io.cucumber.core.runtime.CucumberExecutionContext.runFeatures(CucumberExecutionContext.java:146)
	at io.cucumber.junit.Cucumber$StartAndFinishTestRun.evaluate(Cucumber.java:226)
	at org.junit.runners.ParentRunner$3.evaluate(ParentRunner.java:306)
	at org.junit.runners.ParentRunner.run(ParentRunner.java:413)
	at org.junit.runner.JUnitCore.run(JUnitCore.java:137)
	at com.intellij.junit4.JUnit4IdeaTestRunner.startRunnerWithArgs(JUnit4IdeaTestRunner.java:69)
	at com.intellij.rt.junit.IdeaTestRunner$Repeater$1.execute(IdeaTestRunner.java:38)
	at com.intellij.rt.execution.junit.TestsRepeater.repeat(TestsRepeater.java:11)
	at com.intellij.rt.junit.IdeaTestRunner$Repeater.startRunnerWithArgs(IdeaTestRunner.java:35)
	at com.intellij.rt.junit.JUnitStarter.prepareStreamsAndStart(JUnitStarter.java:232)
	at com.intellij.rt.junit.JUnitStarter.main(JUnitStarter.java:55)

  When I send a PUT request to update the resource with ID "1" # com.testing.api.stepDefinitions.ResourceSteps.iSendAPUTRequestToUpdateTheResourceWithID(java.lang.String,java.lang.String)
  Then the response should have a status code of 200           # com.testing.api.stepDefinitions.ResourceSteps.theResponseShouldHaveAStatusCodeOf(int)
  And the response should have the following details:          # com.testing.api.stepDefinitions.ResourceSteps.theResponseShouldHaveTheFollowingDetails(io.cucumber.datatable.DataTable)
    | name            | trademark        | stock | price | description         | tags                     | active | id |
    | UpdatedResource | UpdatedTrademark | 150   | 39.99 | Updated description | UpdatedTag1, UpdatedTag2 | true   | 1  |
  And validates the response with resource JSON schema         # com.testing.api.stepDefinitions.ResourceSteps.userValidatesResponseWithResourceJSONSchema()

@active @smoke @regression
Scenario: Delete an existing resource                             # src/test/resources/features/resource_testing_crud.feature:54
  Given there are registered resources in the system              # com.testing.api.stepDefinitions.ResourceSteps.thereAreRegisteredResourcesInTheSystem()
  When I send a DELETE request to delete the resource with ID "1" # com.testing.api.stepDefinitions.ResourceSteps.iSendADELETERequestToDeleteTheResourceWithID(java.lang.String)
  Then the response should have a status code of 200              # com.testing.api.stepDefinitions.ResourceSteps.theResponseShouldHaveAStatusCodeOf(int)
      java.lang.AssertionError: expected:<200> but was:<404>
	at org.junit.Assert.fail(Assert.java:89)
	at org.junit.Assert.failNotEquals(Assert.java:835)
	at org.junit.Assert.assertEquals(Assert.java:647)
	at org.junit.Assert.assertEquals(Assert.java:633)
	at com.testing.api.stepDefinitions.ResourceSteps.theResponseShouldHaveAStatusCodeOf(ResourceSteps.java:86)
	at ✽.the response should have a status code of 200(file:///D:/Java%20Projects/assuredApi/src/test/resources/features/resource_testing_crud.feature:57)

  And validates the response with resource JSON schema            # com.testing.api.stepDefinitions.ResourceSteps.userValidatesResponseWithResourceJSONSchema()
