[{"line":2,"elements":[{"start_timestamp":"2024-09-14T05:07:28.186Z","before":[{"result":{"duration":1566997800,"status":"passed"},"match":{"location":"com.testing.api.stepDefinitions.Hooks.testStart(io.cucumber.java.Scenario)"}}],"line":5,"name":"Read details of an existing client","description":"","id":"client-testing-crud;read-details-of-an-existing-client","after":[{"result":{"duration":1003800,"status":"passed"},"match":{"location":"com.testing.api.stepDefinitions.Hooks.cleanUp(io.cucumber.java.Scenario)"}}],"type":"scenario","keyword":"Scenario","steps":[{"result":{"duration":2834000600,"status":"passed"},"line":6,"name":"there are registered clients in the system","match":{"location":"com.testing.api.stepDefinitions.ClientSteps.thereAreRegisteredClientsInTheSystem()"},"keyword":"Given "},{"result":{"error_message":"io.restassured.path.json.exception.JsonPathException: Failed to parse the JSON document\r\n\tat io.restassured.path.json.JsonPath$ExceptionCatcher.invoke(JsonPath.java:1002)\r\n\tat io.restassured.path.json.JsonPath$4.doParseWith(JsonPath.java:967)\r\n\tat io.restassured.path.json.JsonPath$JsonParser.parseWith(JsonPath.java:1047)\r\n\tat io.restassured.path.json.JsonPath.toJsonString(JsonPath.java:1064)\r\n\tat io.restassured.path.json.JsonPath.prettify(JsonPath.java:685)\r\n\tat com.testing.api.stepDefinitions.ClientSteps.sendGETRequest(ClientSteps.java:59)\r\n\tat ✽.I retrieve the details of the client with client ID \"1\"(file:///D:/Java%20Projects/assuredApi/src/test/resources/features/client_testing_crud.feature:7)\r\nCaused by: groovy.json.JsonException: A JSON payload should start with an openning curly brace '{' or an openning square bracket '['.\nInstead, '\"Not found\"' was found on line: 1, column: 1\r\n\tat java.base/jdk.internal.reflect.NativeConstructorAccessorImpl.newInstance0(Native Method)\r\n\tat java.base/jdk.internal.reflect.NativeConstructorAccessorImpl.newInstance(NativeConstructorAccessorImpl.java:77)\r\n\tat java.base/jdk.internal.reflect.DelegatingConstructorAccessorImpl.newInstance(DelegatingConstructorAccessorImpl.java:45)\r\n\tat java.base/java.lang.reflect.Constructor.newInstanceWithCaller(Constructor.java:500)\r\n\tat java.base/java.lang.reflect.Constructor.newInstance(Constructor.java:481)\r\n\tat org.codehaus.groovy.reflection.CachedConstructor.invoke(CachedConstructor.java:73)\r\n\tat org.codehaus.groovy.runtime.callsite.ConstructorSite$ConstructorSiteNoUnwrapNoCoerce.callConstructor(ConstructorSite.java:108)\r\n\tat org.codehaus.groovy.runtime.callsite.CallSiteArray.defaultCallConstructor(CallSiteArray.java:57)\r\n\tat org.codehaus.groovy.runtime.callsite.AbstractCallSite.callConstructor(AbstractCallSite.java:263)\r\n\tat org.codehaus.groovy.runtime.callsite.AbstractCallSite.callConstructor(AbstractCallSite.java:277)\r\n\tat io.restassured.internal.path.json.ConfigurableJsonSlurper.parse(ConfigurableJsonSlurper.groovy:114)\r\n\tat io.restassured.internal.path.json.ConfigurableJsonSlurper$parse.callCurrent(Unknown Source)\r\n\tat io.restassured.internal.path.json.ConfigurableJsonSlurper.parseText(ConfigurableJsonSlurper.groovy:83)\r\n\tat io.restassured.path.json.JsonPath$4$1.method(JsonPath.java:965)\r\n\tat io.restassured.path.json.JsonPath$ExceptionCatcher.invoke(JsonPath.java:1000)\r\n\tat io.restassured.path.json.JsonPath$4.doParseWith(JsonPath.java:967)\r\n\tat io.restassured.path.json.JsonPath$JsonParser.parseWith(JsonPath.java:1047)\r\n\tat io.restassured.path.json.JsonPath.toJsonString(JsonPath.java:1064)\r\n\tat io.restassured.path.json.JsonPath.prettify(JsonPath.java:685)\r\n\tat com.testing.api.stepDefinitions.ClientSteps.sendGETRequest(ClientSteps.java:59)\r\n\tat java.base/jdk.internal.reflect.NativeMethodAccessorImpl.invoke0(Native Method)\r\n\tat java.base/jdk.internal.reflect.NativeMethodAccessorImpl.invoke(NativeMethodAccessorImpl.java:77)\r\n\tat java.base/jdk.internal.reflect.DelegatingMethodAccessorImpl.invoke(DelegatingMethodAccessorImpl.java:43)\r\n\tat java.base/java.lang.reflect.Method.invoke(Method.java:569)\r\n\tat io.cucumber.java.Invoker.doInvoke(Invoker.java:66)\r\n\tat io.cucumber.java.Invoker.invoke(Invoker.java:24)\r\n\tat io.cucumber.java.AbstractGlueDefinition.invokeMethod(AbstractGlueDefinition.java:47)\r\n\tat io.cucumber.java.JavaStepDefinition.execute(JavaStepDefinition.java:29)\r\n\tat io.cucumber.core.runner.CoreStepDefinition.execute(CoreStepDefinition.java:66)\r\n\tat io.cucumber.core.runner.PickleStepDefinitionMatch.runStep(PickleStepDefinitionMatch.java:63)\r\n\tat io.cucumber.core.runner.ExecutionMode$1.execute(ExecutionMode.java:10)\r\n\tat io.cucumber.core.runner.TestStep.executeStep(TestStep.java:84)\r\n\tat io.cucumber.core.runner.TestStep.run(TestStep.java:56)\r\n\tat io.cucumber.core.runner.PickleStepTestStep.run(PickleStepTestStep.java:51)\r\n\tat io.cucumber.core.runner.TestCase.run(TestCase.java:84)\r\n\tat io.cucumber.core.runner.Runner.runPickle(Runner.java:75)\r\n\tat io.cucumber.junit.PickleRunners$NoStepDescriptions.lambda$run$0(PickleRunners.java:151)\r\n\tat io.cucumber.core.runtime.CucumberExecutionContext.lambda$runTestCase$5(CucumberExecutionContext.java:137)\r\n\tat io.cucumber.core.runtime.RethrowingThrowableCollector.executeAndThrow(RethrowingThrowableCollector.java:23)\r\n\tat io.cucumber.core.runtime.CucumberExecutionContext.runTestCase(CucumberExecutionContext.java:137)\r\n\tat io.cucumber.junit.PickleRunners$NoStepDescriptions.run(PickleRunners.java:148)\r\n\tat io.cucumber.junit.FeatureRunner.runChild(FeatureRunner.java:144)\r\n\tat io.cucumber.junit.FeatureRunner.runChild(FeatureRunner.java:28)\r\n\tat org.junit.runners.ParentRunner$4.run(ParentRunner.java:331)\r\n\tat org.junit.runners.ParentRunner$1.schedule(ParentRunner.java:79)\r\n\tat org.junit.runners.ParentRunner.runChildren(ParentRunner.java:329)\r\n\tat org.junit.runners.ParentRunner.access$100(ParentRunner.java:66)\r\n\tat org.junit.runners.ParentRunner$2.evaluate(ParentRunner.java:293)\r\n\tat org.junit.runners.ParentRunner$3.evaluate(ParentRunner.java:306)\r\n\tat org.junit.runners.ParentRunner.run(ParentRunner.java:413)\r\n\tat io.cucumber.junit.FeatureRunner.run(FeatureRunner.java:137)\r\n\tat io.cucumber.junit.Cucumber.runChild(Cucumber.java:196)\r\n\tat io.cucumber.junit.Cucumber.runChild(Cucumber.java:89)\r\n\tat org.junit.runners.ParentRunner$4.run(ParentRunner.java:331)\r\n\tat org.junit.runners.ParentRunner$1.schedule(ParentRunner.java:79)\r\n\tat org.junit.runners.ParentRunner.runChildren(ParentRunner.java:329)\r\n\tat org.junit.runners.ParentRunner.access$100(ParentRunner.java:66)\r\n\tat org.junit.runners.ParentRunner$2.evaluate(ParentRunner.java:293)\r\n\tat io.cucumber.core.runtime.CucumberExecutionContext.lambda$runFeatures$6(CucumberExecutionContext.java:148)\r\n\tat io.cucumber.core.runtime.CucumberExecutionContext.execute(CucumberExecutionContext.java:163)\r\n\tat io.cucumber.core.runtime.CucumberExecutionContext.runFeatures(CucumberExecutionContext.java:146)\r\n\tat io.cucumber.junit.Cucumber$StartAndFinishTestRun.evaluate(Cucumber.java:226)\r\n\tat org.junit.runners.ParentRunner$3.evaluate(ParentRunner.java:306)\r\n\tat org.junit.runners.ParentRunner.run(ParentRunner.java:413)\r\n\tat org.junit.runner.JUnitCore.run(JUnitCore.java:137)\r\n\tat com.intellij.junit4.JUnit4IdeaTestRunner.startRunnerWithArgs(JUnit4IdeaTestRunner.java:69)\r\n\tat com.intellij.rt.junit.IdeaTestRunner$Repeater$1.execute(IdeaTestRunner.java:38)\r\n\tat com.intellij.rt.execution.junit.TestsRepeater.repeat(TestsRepeater.java:11)\r\n\tat com.intellij.rt.junit.IdeaTestRunner$Repeater.startRunnerWithArgs(IdeaTestRunner.java:35)\r\n\tat com.intellij.rt.junit.JUnitStarter.prepareStreamsAndStart(JUnitStarter.java:232)\r\n\tat com.intellij.rt.junit.JUnitStarter.main(JUnitStarter.java:55)\r\n","duration":278324800,"status":"failed"},"line":7,"name":"I retrieve the details of the client with client ID \"1\"","match":{"arguments":[{"val":"\"1\"","offset":52}],"location":"com.testing.api.stepDefinitions.ClientSteps.sendGETRequest(java.lang.String)"},"keyword":"When "},{"result":{"status":"skipped"},"line":8,"name":"the client response should have a status code of 200","match":{"arguments":[{"val":"200","offset":49}],"location":"com.testing.api.stepDefinitions.ClientSteps.theClientResponseShouldHaveAStatusCodeOf(int)"},"keyword":"Then "},{"result":{"status":"skipped"},"line":9,"name":"the client response should have the following details:","match":{"location":"com.testing.api.stepDefinitions.ClientSteps.theClientResponseShouldHaveTheFollowingDetails(io.cucumber.datatable.DataTable)"},"rows":[{"cells":["name","lastName","country","city","email","phone","id"]},{"cells":["Manuel","Munoz","Colombia","Bogota","manuel@example.com","555-1234567","1"]}],"keyword":"And "},{"result":{"status":"skipped"},"line":12,"name":"validates the client response with client JSON schema","match":{"location":"com.testing.api.stepDefinitions.ClientSteps.userValidatesClientResponseWithClientJSONSchema()"},"keyword":"And "}],"tags":[{"name":"@active"},{"name":"@smoke"}]},{"start_timestamp":"2024-09-14T05:07:32.942Z","before":[{"result":{"duration":1000600,"status":"passed"},"match":{"location":"com.testing.api.stepDefinitions.Hooks.testStart(io.cucumber.java.Scenario)"}}],"line":15,"name":"Create a new client","description":"","id":"client-testing-crud;create-a-new-client","after":[{"result":{"duration":2003100,"status":"passed"},"match":{"location":"com.testing.api.stepDefinitions.Hooks.cleanUp(io.cucumber.java.Scenario)"}}],"type":"scenario","keyword":"Scenario","steps":[{"result":{"duration":18000800,"status":"passed"},"line":16,"name":"I have a client with the following client details:","match":{"location":"com.testing.api.stepDefinitions.ClientSteps.iHaveAClientWithTheFollowingClientDetails(io.cucumber.datatable.DataTable)"},"rows":[{"cells":["name","lastName","country","city","email","phone","id"]},{"cells":["John","Doe","USA","New York","john.doe@example.com","555-9876543","2"]}],"keyword":"Given "},{"result":{"duration":451000200,"status":"passed"},"line":19,"name":"I send a POST request to create a client","match":{"location":"com.testing.api.stepDefinitions.ClientSteps.iSendAPOSTRequestToCreateAClient()"},"keyword":"When "},{"result":{"status":"passed"},"line":20,"name":"the client response should have a status code of 201","match":{"arguments":[{"val":"201","offset":49}],"location":"com.testing.api.stepDefinitions.ClientSteps.theClientResponseShouldHaveAStatusCodeOf(int)"},"keyword":"Then "},{"result":{"error_message":"java.lang.AssertionError: expected:<null> but was:<John>\r\n\tat org.junit.Assert.fail(Assert.java:89)\r\n\tat org.junit.Assert.failNotEquals(Assert.java:835)\r\n\tat org.junit.Assert.assertEquals(Assert.java:120)\r\n\tat org.junit.Assert.assertEquals(Assert.java:146)\r\n\tat com.testing.api.stepDefinitions.ClientSteps.theClientResponseShouldHaveTheFollowingDetails(ClientSteps.java:94)\r\n\tat ✽.the client response should have the following details:(file:///D:/Java%20Projects/assuredApi/src/test/resources/features/client_testing_crud.feature:21)\r\n","duration":16000300,"status":"failed"},"line":21,"name":"the client response should have the following details:","match":{"location":"com.testing.api.stepDefinitions.ClientSteps.theClientResponseShouldHaveTheFollowingDetails(io.cucumber.datatable.DataTable)"},"rows":[{"cells":["name","lastName","country","city","email","phone","id"]},{"cells":["John","Doe","USA","New York","john.doe@example.com","555-9876543","2"]}],"keyword":"And "},{"result":{"status":"skipped"},"line":24,"name":"validates the client response with client JSON schema","match":{"location":"com.testing.api.stepDefinitions.ClientSteps.userValidatesClientResponseWithClientJSONSchema()"},"keyword":"And "}],"tags":[{"name":"@active"},{"name":"@smoke"}]},{"start_timestamp":"2024-09-14T05:07:33.455Z","before":[{"result":{"duration":2000000,"status":"passed"},"match":{"location":"com.testing.api.stepDefinitions.Hooks.testStart(io.cucumber.java.Scenario)"}}],"line":27,"name":"View all the clients","description":"","id":"client-testing-crud;view-all-the-clients","after":[{"result":{"duration":998900,"status":"passed"},"match":{"location":"com.testing.api.stepDefinitions.Hooks.cleanUp(io.cucumber.java.Scenario)"}}],"type":"scenario","keyword":"Scenario","steps":[{"result":{"duration":344721500,"status":"passed"},"line":28,"name":"there are registered clients in the system","match":{"location":"com.testing.api.stepDefinitions.ClientSteps.thereAreRegisteredClientsInTheSystem()"},"keyword":"Given "},{"result":{"duration":316009900,"status":"passed"},"line":29,"name":"I send a GET request to view all the clients","match":{"location":"com.testing.api.stepDefinitions.ClientSteps.iSendAGETRequestToViewAllTheClients()"},"keyword":"When "},{"result":{"status":"passed"},"line":30,"name":"the client response should have a status code of 200","match":{"arguments":[{"val":"200","offset":49}],"location":"com.testing.api.stepDefinitions.ClientSteps.theClientResponseShouldHaveAStatusCodeOf(int)"},"keyword":"Then "},{"result":{"duration":992000,"status":"passed"},"line":31,"name":"validates the client response with client list JSON schema","match":{"location":"com.testing.api.stepDefinitions.ClientSteps.validatesTheClientResponseWithClientListJSONSchema()"},"keyword":"And "}],"tags":[{"name":"@active"},{"name":"@smoke"},{"name":"@regression"}]},{"start_timestamp":"2024-09-14T05:07:34.132Z","before":[{"result":{"duration":2000000,"status":"passed"},"match":{"location":"com.testing.api.stepDefinitions.Hooks.testStart(io.cucumber.java.Scenario)"}}],"line":34,"name":"Update client details","description":"","id":"client-testing-crud;update-client-details","after":[{"result":{"duration":1003100,"status":"passed"},"match":{"location":"com.testing.api.stepDefinitions.Hooks.cleanUp(io.cucumber.java.Scenario)"}}],"type":"scenario","keyword":"Scenario","steps":[{"result":{"duration":250257300,"status":"passed"},"line":35,"name":"there are registered clients in the system","match":{"location":"com.testing.api.stepDefinitions.ClientSteps.thereAreRegisteredClientsInTheSystem()"},"keyword":"Given "},{"result":{"error_message":"io.restassured.path.json.exception.JsonPathException: Failed to parse the JSON document\r\n\tat io.restassured.path.json.JsonPath$ExceptionCatcher.invoke(JsonPath.java:1002)\r\n\tat io.restassured.path.json.JsonPath$4.doParseWith(JsonPath.java:967)\r\n\tat io.restassured.path.json.JsonPath$JsonParser.parseWith(JsonPath.java:1047)\r\n\tat io.restassured.path.json.JsonPath.toJsonString(JsonPath.java:1064)\r\n\tat io.restassured.path.json.JsonPath.prettify(JsonPath.java:685)\r\n\tat com.testing.api.stepDefinitions.ClientSteps.sendGETRequest(ClientSteps.java:59)\r\n\tat ✽.I retrieve the details of the client with client ID \"1\"(file:///D:/Java%20Projects/assuredApi/src/test/resources/features/client_testing_crud.feature:36)\r\nCaused by: groovy.json.JsonException: A JSON payload should start with an openning curly brace '{' or an openning square bracket '['.\nInstead, '\"Not found\"' was found on line: 1, column: 1\r\n\tat java.base/jdk.internal.reflect.NativeConstructorAccessorImpl.newInstance0(Native Method)\r\n\tat java.base/jdk.internal.reflect.NativeConstructorAccessorImpl.newInstance(NativeConstructorAccessorImpl.java:77)\r\n\tat java.base/jdk.internal.reflect.DelegatingConstructorAccessorImpl.newInstance(DelegatingConstructorAccessorImpl.java:45)\r\n\tat java.base/java.lang.reflect.Constructor.newInstanceWithCaller(Constructor.java:500)\r\n\tat java.base/java.lang.reflect.Constructor.newInstance(Constructor.java:481)\r\n\tat org.codehaus.groovy.reflection.CachedConstructor.invoke(CachedConstructor.java:73)\r\n\tat org.codehaus.groovy.runtime.callsite.ConstructorSite$ConstructorSiteNoUnwrapNoCoerce.callConstructor(ConstructorSite.java:108)\r\n\tat org.codehaus.groovy.runtime.callsite.AbstractCallSite.callConstructor(AbstractCallSite.java:277)\r\n\tat io.restassured.internal.path.json.ConfigurableJsonSlurper.parse(ConfigurableJsonSlurper.groovy:114)\r\n\tat io.restassured.internal.path.json.ConfigurableJsonSlurper$parse.callCurrent(Unknown Source)\r\n\tat io.restassured.internal.path.json.ConfigurableJsonSlurper.parseText(ConfigurableJsonSlurper.groovy:83)\r\n\tat io.restassured.path.json.JsonPath$4$1.method(JsonPath.java:965)\r\n\tat io.restassured.path.json.JsonPath$ExceptionCatcher.invoke(JsonPath.java:1000)\r\n\tat io.restassured.path.json.JsonPath$4.doParseWith(JsonPath.java:967)\r\n\tat io.restassured.path.json.JsonPath$JsonParser.parseWith(JsonPath.java:1047)\r\n\tat io.restassured.path.json.JsonPath.toJsonString(JsonPath.java:1064)\r\n\tat io.restassured.path.json.JsonPath.prettify(JsonPath.java:685)\r\n\tat com.testing.api.stepDefinitions.ClientSteps.sendGETRequest(ClientSteps.java:59)\r\n\tat java.base/jdk.internal.reflect.NativeMethodAccessorImpl.invoke0(Native Method)\r\n\tat java.base/jdk.internal.reflect.NativeMethodAccessorImpl.invoke(NativeMethodAccessorImpl.java:77)\r\n\tat java.base/jdk.internal.reflect.DelegatingMethodAccessorImpl.invoke(DelegatingMethodAccessorImpl.java:43)\r\n\tat java.base/java.lang.reflect.Method.invoke(Method.java:569)\r\n\tat io.cucumber.java.Invoker.doInvoke(Invoker.java:66)\r\n\tat io.cucumber.java.Invoker.invoke(Invoker.java:24)\r\n\tat io.cucumber.java.AbstractGlueDefinition.invokeMethod(AbstractGlueDefinition.java:47)\r\n\tat io.cucumber.java.JavaStepDefinition.execute(JavaStepDefinition.java:29)\r\n\tat io.cucumber.core.runner.CoreStepDefinition.execute(CoreStepDefinition.java:66)\r\n\tat io.cucumber.core.runner.PickleStepDefinitionMatch.runStep(PickleStepDefinitionMatch.java:63)\r\n\tat io.cucumber.core.runner.ExecutionMode$1.execute(ExecutionMode.java:10)\r\n\tat io.cucumber.core.runner.TestStep.executeStep(TestStep.java:84)\r\n\tat io.cucumber.core.runner.TestStep.run(TestStep.java:56)\r\n\tat io.cucumber.core.runner.PickleStepTestStep.run(PickleStepTestStep.java:51)\r\n\tat io.cucumber.core.runner.TestCase.run(TestCase.java:84)\r\n\tat io.cucumber.core.runner.Runner.runPickle(Runner.java:75)\r\n\tat io.cucumber.junit.PickleRunners$NoStepDescriptions.lambda$run$0(PickleRunners.java:151)\r\n\tat io.cucumber.core.runtime.CucumberExecutionContext.lambda$runTestCase$5(CucumberExecutionContext.java:137)\r\n\tat io.cucumber.core.runtime.RethrowingThrowableCollector.executeAndThrow(RethrowingThrowableCollector.java:23)\r\n\tat io.cucumber.core.runtime.CucumberExecutionContext.runTestCase(CucumberExecutionContext.java:137)\r\n\tat io.cucumber.junit.PickleRunners$NoStepDescriptions.run(PickleRunners.java:148)\r\n\tat io.cucumber.junit.FeatureRunner.runChild(FeatureRunner.java:144)\r\n\tat io.cucumber.junit.FeatureRunner.runChild(FeatureRunner.java:28)\r\n\tat org.junit.runners.ParentRunner$4.run(ParentRunner.java:331)\r\n\tat org.junit.runners.ParentRunner$1.schedule(ParentRunner.java:79)\r\n\tat org.junit.runners.ParentRunner.runChildren(ParentRunner.java:329)\r\n\tat org.junit.runners.ParentRunner.access$100(ParentRunner.java:66)\r\n\tat org.junit.runners.ParentRunner$2.evaluate(ParentRunner.java:293)\r\n\tat org.junit.runners.ParentRunner$3.evaluate(ParentRunner.java:306)\r\n\tat org.junit.runners.ParentRunner.run(ParentRunner.java:413)\r\n\tat io.cucumber.junit.FeatureRunner.run(FeatureRunner.java:137)\r\n\tat io.cucumber.junit.Cucumber.runChild(Cucumber.java:196)\r\n\tat io.cucumber.junit.Cucumber.runChild(Cucumber.java:89)\r\n\tat org.junit.runners.ParentRunner$4.run(ParentRunner.java:331)\r\n\tat org.junit.runners.ParentRunner$1.schedule(ParentRunner.java:79)\r\n\tat org.junit.runners.ParentRunner.runChildren(ParentRunner.java:329)\r\n\tat org.junit.runners.ParentRunner.access$100(ParentRunner.java:66)\r\n\tat org.junit.runners.ParentRunner$2.evaluate(ParentRunner.java:293)\r\n\tat io.cucumber.core.runtime.CucumberExecutionContext.lambda$runFeatures$6(CucumberExecutionContext.java:148)\r\n\tat io.cucumber.core.runtime.CucumberExecutionContext.execute(CucumberExecutionContext.java:163)\r\n\tat io.cucumber.core.runtime.CucumberExecutionContext.runFeatures(CucumberExecutionContext.java:146)\r\n\tat io.cucumber.junit.Cucumber$StartAndFinishTestRun.evaluate(Cucumber.java:226)\r\n\tat org.junit.runners.ParentRunner$3.evaluate(ParentRunner.java:306)\r\n\tat org.junit.runners.ParentRunner.run(ParentRunner.java:413)\r\n\tat org.junit.runner.JUnitCore.run(JUnitCore.java:137)\r\n\tat com.intellij.junit4.JUnit4IdeaTestRunner.startRunnerWithArgs(JUnit4IdeaTestRunner.java:69)\r\n\tat com.intellij.rt.junit.IdeaTestRunner$Repeater$1.execute(IdeaTestRunner.java:38)\r\n\tat com.intellij.rt.execution.junit.TestsRepeater.repeat(TestsRepeater.java:11)\r\n\tat com.intellij.rt.junit.IdeaTestRunner$Repeater.startRunnerWithArgs(IdeaTestRunner.java:35)\r\n\tat com.intellij.rt.junit.JUnitStarter.prepareStreamsAndStart(JUnitStarter.java:232)\r\n\tat com.intellij.rt.junit.JUnitStarter.main(JUnitStarter.java:55)\r\n","duration":241193300,"status":"failed"},"line":36,"name":"I retrieve the details of the client with client ID \"1\"","match":{"arguments":[{"val":"\"1\"","offset":52}],"location":"com.testing.api.stepDefinitions.ClientSteps.sendGETRequest(java.lang.String)"},"keyword":"And "},{"result":{"status":"skipped"},"line":37,"name":"I send a PUT request to update the client with client ID \"1\"","match":{"arguments":[{"val":"\"1\"","offset":57}],"location":"com.testing.api.stepDefinitions.ClientSteps.iSendAPUTRequestToUpdateTheClientWithClientID(java.lang.String,java.lang.String)"},"keyword":"When ","doc_string":{"line":38,"value":"{\n  \"name\": \"Maria\",\n  \"lastName\": \"Gomez\",\n  \"country\": \"Spain\",\n  \"city\": \"Barcelona\",\n  \"email\": \"maria.gomez@example.com\",\n  \"phone\": \"555-6543210\"\n}"}},{"result":{"status":"skipped"},"line":48,"name":"the client response should have a status code of 200","match":{"arguments":[{"val":"200","offset":49}],"location":"com.testing.api.stepDefinitions.ClientSteps.theClientResponseShouldHaveAStatusCodeOf(int)"},"keyword":"Then "},{"result":{"status":"skipped"},"line":49,"name":"the client response should have the following details:","match":{"location":"com.testing.api.stepDefinitions.ClientSteps.theClientResponseShouldHaveTheFollowingDetails(io.cucumber.datatable.DataTable)"},"rows":[{"cells":["name","lastName","country","city","email","phone","id"]},{"cells":["Maria","Gomez","Spain","Barcelona","maria.gomez@example.com","555-6543210","1"]}],"keyword":"And "},{"result":{"status":"skipped"},"line":52,"name":"validates the client response with client JSON schema","match":{"location":"com.testing.api.stepDefinitions.ClientSteps.userValidatesClientResponseWithClientJSONSchema()"},"keyword":"And "}],"tags":[{"name":"@active"},{"name":"@smoke"}]},{"start_timestamp":"2024-09-14T05:07:34.641Z","before":[{"result":{"duration":1000300,"status":"passed"},"match":{"location":"com.testing.api.stepDefinitions.Hooks.testStart(io.cucumber.java.Scenario)"}}],"line":55,"name":"Delete an existing client","description":"","id":"client-testing-crud;delete-an-existing-client","after":[{"result":{"duration":999000,"status":"passed"},"match":{"location":"com.testing.api.stepDefinitions.Hooks.cleanUp(io.cucumber.java.Scenario)"}}],"type":"scenario","keyword":"Scenario","steps":[{"result":{"duration":298932500,"status":"passed"},"line":56,"name":"there are registered clients in the system","match":{"location":"com.testing.api.stepDefinitions.ClientSteps.thereAreRegisteredClientsInTheSystem()"},"keyword":"Given "},{"result":{"duration":235588700,"status":"passed"},"line":57,"name":"I send a DELETE request to delete the client with client ID \"1\"","match":{"arguments":[{"val":"\"1\"","offset":60}],"location":"com.testing.api.stepDefinitions.ClientSteps.iSendADELETERequestToDeleteTheClientWithClientID(java.lang.String)"},"keyword":"When "},{"result":{"error_message":"java.lang.AssertionError: expected:<200> but was:<404>\r\n\tat org.junit.Assert.fail(Assert.java:89)\r\n\tat org.junit.Assert.failNotEquals(Assert.java:835)\r\n\tat org.junit.Assert.assertEquals(Assert.java:647)\r\n\tat org.junit.Assert.assertEquals(Assert.java:633)\r\n\tat com.testing.api.stepDefinitions.ClientSteps.theClientResponseShouldHaveAStatusCodeOf(ClientSteps.java:86)\r\n\tat ✽.the client response should have a status code of 200(file:///D:/Java%20Projects/assuredApi/src/test/resources/features/client_testing_crud.feature:58)\r\n","duration":998000,"status":"failed"},"line":58,"name":"the client response should have a status code of 200","match":{"arguments":[{"val":"200","offset":49}],"location":"com.testing.api.stepDefinitions.ClientSteps.theClientResponseShouldHaveAStatusCodeOf(int)"},"keyword":"Then "},{"result":{"status":"skipped"},"line":59,"name":"the client response should have the following details:","match":{"location":"com.testing.api.stepDefinitions.ClientSteps.theClientResponseShouldHaveTheFollowingDetails(io.cucumber.datatable.DataTable)"},"rows":[{"cells":["name","lastName","country","city","email","phone","id"]},{"cells":["Maria","Gomez","Spain","Barcelona","maria.gomez@example.com","555-6543210","1"]}],"keyword":"And "},{"result":{"status":"skipped"},"line":62,"name":"validates the client response with client JSON schema","match":{"location":"com.testing.api.stepDefinitions.ClientSteps.userValidatesClientResponseWithClientJSONSchema()"},"keyword":"And "}],"tags":[{"name":"@active"},{"name":"@smoke"},{"name":"@regression"}]}],"name":"Client testing CRUD","description":"","id":"client-testing-crud","keyword":"Feature","uri":"file:src/test/resources/features/client_testing_crud.feature","tags":[{"name":"@active","type":"Tag","location":{"line":1,"column":1}}]},{"line":2,"elements":[{"start_timestamp":"2024-09-14T05:07:35.194Z","before":[{"result":{"duration":999900,"status":"passed"},"match":{"location":"com.testing.api.stepDefinitions.Hooks.testStart(io.cucumber.java.Scenario)"}}],"line":5,"name":"Read details of an existing resource","description":"","id":"resource-testing-crud;read-details-of-an-existing-resource","after":[{"result":{"duration":1001400,"status":"passed"},"match":{"location":"com.testing.api.stepDefinitions.Hooks.cleanUp(io.cucumber.java.Scenario)"}}],"type":"scenario","keyword":"Scenario","steps":[{"result":{"duration":353579300,"status":"passed"},"line":6,"name":"there are registered resources in the system","match":{"location":"com.testing.api.stepDefinitions.ResourceSteps.thereAreRegisteredResourcesInTheSystem()"},"keyword":"Given "},{"result":{"error_message":"io.restassured.path.json.exception.JsonPathException: Failed to parse the JSON document\r\n\tat io.restassured.path.json.JsonPath$ExceptionCatcher.invoke(JsonPath.java:1002)\r\n\tat io.restassured.path.json.JsonPath$4.doParseWith(JsonPath.java:967)\r\n\tat io.restassured.path.json.JsonPath$JsonParser.parseWith(JsonPath.java:1047)\r\n\tat io.restassured.path.json.JsonPath.toJsonString(JsonPath.java:1064)\r\n\tat io.restassured.path.json.JsonPath.prettify(JsonPath.java:685)\r\n\tat com.testing.api.stepDefinitions.ResourceSteps.sendGETRequest(ResourceSteps.java:59)\r\n\tat ✽.I retrieve the details of the resource with ID \"1\"(file:///D:/Java%20Projects/assuredApi/src/test/resources/features/resource_testing_crud.feature:7)\r\nCaused by: groovy.json.JsonException: A JSON payload should start with an openning curly brace '{' or an openning square bracket '['.\nInstead, '\"Not found\"' was found on line: 1, column: 1\r\n\tat java.base/jdk.internal.reflect.NativeConstructorAccessorImpl.newInstance0(Native Method)\r\n\tat java.base/jdk.internal.reflect.NativeConstructorAccessorImpl.newInstance(NativeConstructorAccessorImpl.java:77)\r\n\tat java.base/jdk.internal.reflect.DelegatingConstructorAccessorImpl.newInstance(DelegatingConstructorAccessorImpl.java:45)\r\n\tat java.base/java.lang.reflect.Constructor.newInstanceWithCaller(Constructor.java:500)\r\n\tat java.base/java.lang.reflect.Constructor.newInstance(Constructor.java:481)\r\n\tat org.codehaus.groovy.reflection.CachedConstructor.invoke(CachedConstructor.java:73)\r\n\tat org.codehaus.groovy.runtime.callsite.ConstructorSite$ConstructorSiteNoUnwrapNoCoerce.callConstructor(ConstructorSite.java:108)\r\n\tat org.codehaus.groovy.runtime.callsite.AbstractCallSite.callConstructor(AbstractCallSite.java:277)\r\n\tat io.restassured.internal.path.json.ConfigurableJsonSlurper.parse(ConfigurableJsonSlurper.groovy:114)\r\n\tat io.restassured.internal.path.json.ConfigurableJsonSlurper$parse.callCurrent(Unknown Source)\r\n\tat io.restassured.internal.path.json.ConfigurableJsonSlurper.parseText(ConfigurableJsonSlurper.groovy:83)\r\n\tat io.restassured.path.json.JsonPath$4$1.method(JsonPath.java:965)\r\n\tat io.restassured.path.json.JsonPath$ExceptionCatcher.invoke(JsonPath.java:1000)\r\n\tat io.restassured.path.json.JsonPath$4.doParseWith(JsonPath.java:967)\r\n\tat io.restassured.path.json.JsonPath$JsonParser.parseWith(JsonPath.java:1047)\r\n\tat io.restassured.path.json.JsonPath.toJsonString(JsonPath.java:1064)\r\n\tat io.restassured.path.json.JsonPath.prettify(JsonPath.java:685)\r\n\tat com.testing.api.stepDefinitions.ResourceSteps.sendGETRequest(ResourceSteps.java:59)\r\n\tat java.base/jdk.internal.reflect.NativeMethodAccessorImpl.invoke0(Native Method)\r\n\tat java.base/jdk.internal.reflect.NativeMethodAccessorImpl.invoke(NativeMethodAccessorImpl.java:77)\r\n\tat java.base/jdk.internal.reflect.DelegatingMethodAccessorImpl.invoke(DelegatingMethodAccessorImpl.java:43)\r\n\tat java.base/java.lang.reflect.Method.invoke(Method.java:569)\r\n\tat io.cucumber.java.Invoker.doInvoke(Invoker.java:66)\r\n\tat io.cucumber.java.Invoker.invoke(Invoker.java:24)\r\n\tat io.cucumber.java.AbstractGlueDefinition.invokeMethod(AbstractGlueDefinition.java:47)\r\n\tat io.cucumber.java.JavaStepDefinition.execute(JavaStepDefinition.java:29)\r\n\tat io.cucumber.core.runner.CoreStepDefinition.execute(CoreStepDefinition.java:66)\r\n\tat io.cucumber.core.runner.PickleStepDefinitionMatch.runStep(PickleStepDefinitionMatch.java:63)\r\n\tat io.cucumber.core.runner.ExecutionMode$1.execute(ExecutionMode.java:10)\r\n\tat io.cucumber.core.runner.TestStep.executeStep(TestStep.java:84)\r\n\tat io.cucumber.core.runner.TestStep.run(TestStep.java:56)\r\n\tat io.cucumber.core.runner.PickleStepTestStep.run(PickleStepTestStep.java:51)\r\n\tat io.cucumber.core.runner.TestCase.run(TestCase.java:84)\r\n\tat io.cucumber.core.runner.Runner.runPickle(Runner.java:75)\r\n\tat io.cucumber.junit.PickleRunners$NoStepDescriptions.lambda$run$0(PickleRunners.java:151)\r\n\tat io.cucumber.core.runtime.CucumberExecutionContext.lambda$runTestCase$5(CucumberExecutionContext.java:137)\r\n\tat io.cucumber.core.runtime.RethrowingThrowableCollector.executeAndThrow(RethrowingThrowableCollector.java:23)\r\n\tat io.cucumber.core.runtime.CucumberExecutionContext.runTestCase(CucumberExecutionContext.java:137)\r\n\tat io.cucumber.junit.PickleRunners$NoStepDescriptions.run(PickleRunners.java:148)\r\n\tat io.cucumber.junit.FeatureRunner.runChild(FeatureRunner.java:144)\r\n\tat io.cucumber.junit.FeatureRunner.runChild(FeatureRunner.java:28)\r\n\tat org.junit.runners.ParentRunner$4.run(ParentRunner.java:331)\r\n\tat org.junit.runners.ParentRunner$1.schedule(ParentRunner.java:79)\r\n\tat org.junit.runners.ParentRunner.runChildren(ParentRunner.java:329)\r\n\tat org.junit.runners.ParentRunner.access$100(ParentRunner.java:66)\r\n\tat org.junit.runners.ParentRunner$2.evaluate(ParentRunner.java:293)\r\n\tat org.junit.runners.ParentRunner$3.evaluate(ParentRunner.java:306)\r\n\tat org.junit.runners.ParentRunner.run(ParentRunner.java:413)\r\n\tat io.cucumber.junit.FeatureRunner.run(FeatureRunner.java:137)\r\n\tat io.cucumber.junit.Cucumber.runChild(Cucumber.java:196)\r\n\tat io.cucumber.junit.Cucumber.runChild(Cucumber.java:89)\r\n\tat org.junit.runners.ParentRunner$4.run(ParentRunner.java:331)\r\n\tat org.junit.runners.ParentRunner$1.schedule(ParentRunner.java:79)\r\n\tat org.junit.runners.ParentRunner.runChildren(ParentRunner.java:329)\r\n\tat org.junit.runners.ParentRunner.access$100(ParentRunner.java:66)\r\n\tat org.junit.runners.ParentRunner$2.evaluate(ParentRunner.java:293)\r\n\tat io.cucumber.core.runtime.CucumberExecutionContext.lambda$runFeatures$6(CucumberExecutionContext.java:148)\r\n\tat io.cucumber.core.runtime.CucumberExecutionContext.execute(CucumberExecutionContext.java:163)\r\n\tat io.cucumber.core.runtime.CucumberExecutionContext.runFeatures(CucumberExecutionContext.java:146)\r\n\tat io.cucumber.junit.Cucumber$StartAndFinishTestRun.evaluate(Cucumber.java:226)\r\n\tat org.junit.runners.ParentRunner$3.evaluate(ParentRunner.java:306)\r\n\tat org.junit.runners.ParentRunner.run(ParentRunner.java:413)\r\n\tat org.junit.runner.JUnitCore.run(JUnitCore.java:137)\r\n\tat com.intellij.junit4.JUnit4IdeaTestRunner.startRunnerWithArgs(JUnit4IdeaTestRunner.java:69)\r\n\tat com.intellij.rt.junit.IdeaTestRunner$Repeater$1.execute(IdeaTestRunner.java:38)\r\n\tat com.intellij.rt.execution.junit.TestsRepeater.repeat(TestsRepeater.java:11)\r\n\tat com.intellij.rt.junit.IdeaTestRunner$Repeater.startRunnerWithArgs(IdeaTestRunner.java:35)\r\n\tat com.intellij.rt.junit.JUnitStarter.prepareStreamsAndStart(JUnitStarter.java:232)\r\n\tat com.intellij.rt.junit.JUnitStarter.main(JUnitStarter.java:55)\r\n","duration":252410200,"status":"failed"},"line":7,"name":"I retrieve the details of the resource with ID \"1\"","match":{"arguments":[{"val":"\"1\"","offset":47}],"location":"com.testing.api.stepDefinitions.ResourceSteps.sendGETRequest(java.lang.String)"},"keyword":"When "},{"result":{"duration":1000300,"status":"skipped"},"line":8,"name":"the response should have a status code of 200","match":{"arguments":[{"val":"200","offset":42}],"location":"com.testing.api.stepDefinitions.ResourceSteps.theResponseShouldHaveAStatusCodeOf(int)"},"keyword":"Then "},{"result":{"status":"skipped"},"line":9,"name":"the response should have the following details:","match":{"location":"com.testing.api.stepDefinitions.ResourceSteps.theResponseShouldHaveTheFollowingDetails(io.cucumber.datatable.DataTable)"},"rows":[{"cells":["name","trademark","stock","price","description","tags","active","id"]},{"cells":["ResourceOne","Trademark1","100","29.99","Description for Res1","Tag1, Tag2","true","1"]}],"keyword":"And "},{"result":{"status":"skipped"},"line":12,"name":"validates the response with resource JSON schema","match":{"location":"com.testing.api.stepDefinitions.ResourceSteps.userValidatesResponseWithResourceJSONSchema()"},"keyword":"And "}],"tags":[{"name":"@active"},{"name":"@smoke"}]},{"start_timestamp":"2024-09-14T05:07:35.866Z","before":[{"result":{"duration":996600,"status":"passed"},"match":{"location":"com.testing.api.stepDefinitions.Hooks.testStart(io.cucumber.java.Scenario)"}}],"line":15,"name":"Create a new resource","description":"","id":"resource-testing-crud;create-a-new-resource","after":[{"result":{"duration":1007200,"status":"passed"},"match":{"location":"com.testing.api.stepDefinitions.Hooks.cleanUp(io.cucumber.java.Scenario)"}}],"type":"scenario","keyword":"Scenario","steps":[{"result":{"duration":11999200,"status":"passed"},"line":16,"name":"I have a resource with the following details:","match":{"location":"com.testing.api.stepDefinitions.ResourceSteps.iHaveAResourceWithTheFollowingDetails(io.cucumber.datatable.DataTable)"},"rows":[{"cells":["name","trademark","stock","price","description","tags","active","id"]},{"cells":["ResourceTwo","Trademark2","200","49.99","Description for Res2","Tag3, Tag4","false","2"]}],"keyword":"Given "},{"result":{"duration":340878600,"status":"passed"},"line":19,"name":"I send a POST request to create a resource","match":{"location":"com.testing.api.stepDefinitions.ResourceSteps.iSendAPOSTRequestToCreateAResource()"},"keyword":"When "},{"result":{"status":"passed"},"line":20,"name":"the response should have a status code of 201","match":{"arguments":[{"val":"201","offset":42}],"location":"com.testing.api.stepDefinitions.ResourceSteps.theResponseShouldHaveAStatusCodeOf(int)"},"keyword":"Then "},{"result":{"status":"undefined"},"line":21,"name":"the response should include the details of the created resource","match":{},"keyword":"And "},{"result":{"status":"skipped"},"line":22,"name":"validates the response with resource JSON schema","match":{"location":"com.testing.api.stepDefinitions.ResourceSteps.userValidatesResponseWithResourceJSONSchema()"},"keyword":"And "}],"tags":[{"name":"@active"},{"name":"@smoke"}]},{"start_timestamp":"2024-09-14T05:07:36.228Z","before":[{"result":{"duration":999800,"status":"passed"},"match":{"location":"com.testing.api.stepDefinitions.Hooks.testStart(io.cucumber.java.Scenario)"}}],"line":25,"name":"View all the resources","description":"","id":"resource-testing-crud;view-all-the-resources","after":[{"result":{"duration":2001000,"status":"passed"},"match":{"location":"com.testing.api.stepDefinitions.Hooks.cleanUp(io.cucumber.java.Scenario)"}}],"type":"scenario","keyword":"Scenario","steps":[{"result":{"duration":293955300,"status":"passed"},"line":26,"name":"there are registered resources in the system","match":{"location":"com.testing.api.stepDefinitions.ResourceSteps.thereAreRegisteredResourcesInTheSystem()"},"keyword":"Given "},{"result":{"duration":319999700,"status":"passed"},"line":27,"name":"I send a GET request to view all the resources","match":{"location":"com.testing.api.stepDefinitions.ResourceSteps.iSendAGETRequestToViewAllTheResources()"},"keyword":"When "},{"result":{"status":"passed"},"line":28,"name":"the response should have a status code of 200","match":{"arguments":[{"val":"200","offset":42}],"location":"com.testing.api.stepDefinitions.ResourceSteps.theResponseShouldHaveAStatusCodeOf(int)"},"keyword":"Then "},{"result":{"duration":375002200,"status":"passed"},"line":29,"name":"validates the response with resource list JSON schema","match":{"location":"com.testing.api.stepDefinitions.ResourceSteps.userValidatesResponseWithResourceListJSONSchema()"},"keyword":"And "}],"tags":[{"name":"@active"},{"name":"@smoke"},{"name":"@regression"}]},{"start_timestamp":"2024-09-14T05:07:37.229Z","before":[{"result":{"duration":1010500,"status":"passed"},"match":{"location":"com.testing.api.stepDefinitions.Hooks.testStart(io.cucumber.java.Scenario)"}}],"line":32,"name":"Update resource details","description":"","id":"resource-testing-crud;update-resource-details","after":[{"result":{"duration":998800,"status":"passed"},"match":{"location":"com.testing.api.stepDefinitions.Hooks.cleanUp(io.cucumber.java.Scenario)"}}],"type":"scenario","keyword":"Scenario","steps":[{"result":{"duration":350520900,"status":"passed"},"line":33,"name":"there are registered resources in the system","match":{"location":"com.testing.api.stepDefinitions.ResourceSteps.thereAreRegisteredResourcesInTheSystem()"},"keyword":"Given "},{"result":{"error_message":"io.restassured.path.json.exception.JsonPathException: Failed to parse the JSON document\r\n\tat io.restassured.path.json.JsonPath$ExceptionCatcher.invoke(JsonPath.java:1002)\r\n\tat io.restassured.path.json.JsonPath$4.doParseWith(JsonPath.java:967)\r\n\tat io.restassured.path.json.JsonPath$JsonParser.parseWith(JsonPath.java:1047)\r\n\tat io.restassured.path.json.JsonPath.toJsonString(JsonPath.java:1064)\r\n\tat io.restassured.path.json.JsonPath.prettify(JsonPath.java:685)\r\n\tat com.testing.api.stepDefinitions.ResourceSteps.sendGETRequest(ResourceSteps.java:59)\r\n\tat ✽.I retrieve the details of the resource with ID \"1\"(file:///D:/Java%20Projects/assuredApi/src/test/resources/features/resource_testing_crud.feature:34)\r\nCaused by: groovy.json.JsonException: A JSON payload should start with an openning curly brace '{' or an openning square bracket '['.\nInstead, '\"Not found\"' was found on line: 1, column: 1\r\n\tat java.base/jdk.internal.reflect.NativeConstructorAccessorImpl.newInstance0(Native Method)\r\n\tat java.base/jdk.internal.reflect.NativeConstructorAccessorImpl.newInstance(NativeConstructorAccessorImpl.java:77)\r\n\tat java.base/jdk.internal.reflect.DelegatingConstructorAccessorImpl.newInstance(DelegatingConstructorAccessorImpl.java:45)\r\n\tat java.base/java.lang.reflect.Constructor.newInstanceWithCaller(Constructor.java:500)\r\n\tat java.base/java.lang.reflect.Constructor.newInstance(Constructor.java:481)\r\n\tat org.codehaus.groovy.reflection.CachedConstructor.invoke(CachedConstructor.java:73)\r\n\tat org.codehaus.groovy.runtime.callsite.ConstructorSite$ConstructorSiteNoUnwrapNoCoerce.callConstructor(ConstructorSite.java:108)\r\n\tat org.codehaus.groovy.runtime.callsite.AbstractCallSite.callConstructor(AbstractCallSite.java:277)\r\n\tat io.restassured.internal.path.json.ConfigurableJsonSlurper.parse(ConfigurableJsonSlurper.groovy:114)\r\n\tat io.restassured.internal.path.json.ConfigurableJsonSlurper$parse.callCurrent(Unknown Source)\r\n\tat io.restassured.internal.path.json.ConfigurableJsonSlurper.parseText(ConfigurableJsonSlurper.groovy:83)\r\n\tat io.restassured.path.json.JsonPath$4$1.method(JsonPath.java:965)\r\n\tat io.restassured.path.json.JsonPath$ExceptionCatcher.invoke(JsonPath.java:1000)\r\n\tat io.restassured.path.json.JsonPath$4.doParseWith(JsonPath.java:967)\r\n\tat io.restassured.path.json.JsonPath$JsonParser.parseWith(JsonPath.java:1047)\r\n\tat io.restassured.path.json.JsonPath.toJsonString(JsonPath.java:1064)\r\n\tat io.restassured.path.json.JsonPath.prettify(JsonPath.java:685)\r\n\tat com.testing.api.stepDefinitions.ResourceSteps.sendGETRequest(ResourceSteps.java:59)\r\n\tat java.base/jdk.internal.reflect.NativeMethodAccessorImpl.invoke0(Native Method)\r\n\tat java.base/jdk.internal.reflect.NativeMethodAccessorImpl.invoke(NativeMethodAccessorImpl.java:77)\r\n\tat java.base/jdk.internal.reflect.DelegatingMethodAccessorImpl.invoke(DelegatingMethodAccessorImpl.java:43)\r\n\tat java.base/java.lang.reflect.Method.invoke(Method.java:569)\r\n\tat io.cucumber.java.Invoker.doInvoke(Invoker.java:66)\r\n\tat io.cucumber.java.Invoker.invoke(Invoker.java:24)\r\n\tat io.cucumber.java.AbstractGlueDefinition.invokeMethod(AbstractGlueDefinition.java:47)\r\n\tat io.cucumber.java.JavaStepDefinition.execute(JavaStepDefinition.java:29)\r\n\tat io.cucumber.core.runner.CoreStepDefinition.execute(CoreStepDefinition.java:66)\r\n\tat io.cucumber.core.runner.PickleStepDefinitionMatch.runStep(PickleStepDefinitionMatch.java:63)\r\n\tat io.cucumber.core.runner.ExecutionMode$1.execute(ExecutionMode.java:10)\r\n\tat io.cucumber.core.runner.TestStep.executeStep(TestStep.java:84)\r\n\tat io.cucumber.core.runner.TestStep.run(TestStep.java:56)\r\n\tat io.cucumber.core.runner.PickleStepTestStep.run(PickleStepTestStep.java:51)\r\n\tat io.cucumber.core.runner.TestCase.run(TestCase.java:84)\r\n\tat io.cucumber.core.runner.Runner.runPickle(Runner.java:75)\r\n\tat io.cucumber.junit.PickleRunners$NoStepDescriptions.lambda$run$0(PickleRunners.java:151)\r\n\tat io.cucumber.core.runtime.CucumberExecutionContext.lambda$runTestCase$5(CucumberExecutionContext.java:137)\r\n\tat io.cucumber.core.runtime.RethrowingThrowableCollector.executeAndThrow(RethrowingThrowableCollector.java:23)\r\n\tat io.cucumber.core.runtime.CucumberExecutionContext.runTestCase(CucumberExecutionContext.java:137)\r\n\tat io.cucumber.junit.PickleRunners$NoStepDescriptions.run(PickleRunners.java:148)\r\n\tat io.cucumber.junit.FeatureRunner.runChild(FeatureRunner.java:144)\r\n\tat io.cucumber.junit.FeatureRunner.runChild(FeatureRunner.java:28)\r\n\tat org.junit.runners.ParentRunner$4.run(ParentRunner.java:331)\r\n\tat org.junit.runners.ParentRunner$1.schedule(ParentRunner.java:79)\r\n\tat org.junit.runners.ParentRunner.runChildren(ParentRunner.java:329)\r\n\tat org.junit.runners.ParentRunner.access$100(ParentRunner.java:66)\r\n\tat org.junit.runners.ParentRunner$2.evaluate(ParentRunner.java:293)\r\n\tat org.junit.runners.ParentRunner$3.evaluate(ParentRunner.java:306)\r\n\tat org.junit.runners.ParentRunner.run(ParentRunner.java:413)\r\n\tat io.cucumber.junit.FeatureRunner.run(FeatureRunner.java:137)\r\n\tat io.cucumber.junit.Cucumber.runChild(Cucumber.java:196)\r\n\tat io.cucumber.junit.Cucumber.runChild(Cucumber.java:89)\r\n\tat org.junit.runners.ParentRunner$4.run(ParentRunner.java:331)\r\n\tat org.junit.runners.ParentRunner$1.schedule(ParentRunner.java:79)\r\n\tat org.junit.runners.ParentRunner.runChildren(ParentRunner.java:329)\r\n\tat org.junit.runners.ParentRunner.access$100(ParentRunner.java:66)\r\n\tat org.junit.runners.ParentRunner$2.evaluate(ParentRunner.java:293)\r\n\tat io.cucumber.core.runtime.CucumberExecutionContext.lambda$runFeatures$6(CucumberExecutionContext.java:148)\r\n\tat io.cucumber.core.runtime.CucumberExecutionContext.execute(CucumberExecutionContext.java:163)\r\n\tat io.cucumber.core.runtime.CucumberExecutionContext.runFeatures(CucumberExecutionContext.java:146)\r\n\tat io.cucumber.junit.Cucumber$StartAndFinishTestRun.evaluate(Cucumber.java:226)\r\n\tat org.junit.runners.ParentRunner$3.evaluate(ParentRunner.java:306)\r\n\tat org.junit.runners.ParentRunner.run(ParentRunner.java:413)\r\n\tat org.junit.runner.JUnitCore.run(JUnitCore.java:137)\r\n\tat com.intellij.junit4.JUnit4IdeaTestRunner.startRunnerWithArgs(JUnit4IdeaTestRunner.java:69)\r\n\tat com.intellij.rt.junit.IdeaTestRunner$Repeater$1.execute(IdeaTestRunner.java:38)\r\n\tat com.intellij.rt.execution.junit.TestsRepeater.repeat(TestsRepeater.java:11)\r\n\tat com.intellij.rt.junit.IdeaTestRunner$Repeater.startRunnerWithArgs(IdeaTestRunner.java:35)\r\n\tat com.intellij.rt.junit.JUnitStarter.prepareStreamsAndStart(JUnitStarter.java:232)\r\n\tat com.intellij.rt.junit.JUnitStarter.main(JUnitStarter.java:55)\r\n","duration":299877700,"status":"failed"},"line":34,"name":"I retrieve the details of the resource with ID \"1\"","match":{"arguments":[{"val":"\"1\"","offset":47}],"location":"com.testing.api.stepDefinitions.ResourceSteps.sendGETRequest(java.lang.String)"},"keyword":"And "},{"result":{"status":"skipped"},"line":35,"name":"I send a PUT request to update the resource with ID \"1\"","match":{"arguments":[{"val":"\"1\"","offset":52}],"location":"com.testing.api.stepDefinitions.ResourceSteps.iSendAPUTRequestToUpdateTheResourceWithID(java.lang.String,java.lang.String)"},"keyword":"When ","doc_string":{"line":36,"value":"{\n  \"name\": \"UpdatedResource\",\n  \"trademark\": \"UpdatedTrademark\",\n  \"stock\": 150,\n  \"price\": 39.99,\n  \"description\": \"Updated description\",\n  \"tags\": \"UpdatedTag1, UpdatedTag2\",\n  \"active\": true\n}"}},{"result":{"status":"skipped"},"line":47,"name":"the response should have a status code of 200","match":{"arguments":[{"val":"200","offset":42}],"location":"com.testing.api.stepDefinitions.ResourceSteps.theResponseShouldHaveAStatusCodeOf(int)"},"keyword":"Then "},{"result":{"status":"skipped"},"line":48,"name":"the response should have the following details:","match":{"location":"com.testing.api.stepDefinitions.ResourceSteps.theResponseShouldHaveTheFollowingDetails(io.cucumber.datatable.DataTable)"},"rows":[{"cells":["name","trademark","stock","price","description","tags","active","id"]},{"cells":["UpdatedResource","UpdatedTrademark","150","39.99","Updated description","UpdatedTag1, UpdatedTag2","true","1"]}],"keyword":"And "},{"result":{"status":"skipped"},"line":51,"name":"validates the response with resource JSON schema","match":{"location":"com.testing.api.stepDefinitions.ResourceSteps.userValidatesResponseWithResourceJSONSchema()"},"keyword":"And "}],"tags":[{"name":"@active"},{"name":"@smoke"}]},{"start_timestamp":"2024-09-14T05:07:37.895Z","before":[{"result":{"duration":997000,"status":"passed"},"match":{"location":"com.testing.api.stepDefinitions.Hooks.testStart(io.cucumber.java.Scenario)"}}],"line":54,"name":"Delete an existing resource","description":"","id":"resource-testing-crud;delete-an-existing-resource","after":[{"result":{"duration":1001600,"status":"passed"},"match":{"location":"com.testing.api.stepDefinitions.Hooks.cleanUp(io.cucumber.java.Scenario)"}}],"type":"scenario","keyword":"Scenario","steps":[{"result":{"duration":296686200,"status":"passed"},"line":55,"name":"there are registered resources in the system","match":{"location":"com.testing.api.stepDefinitions.ResourceSteps.thereAreRegisteredResourcesInTheSystem()"},"keyword":"Given "},{"result":{"duration":316997700,"status":"passed"},"line":56,"name":"I send a DELETE request to delete the resource with ID \"1\"","match":{"arguments":[{"val":"\"1\"","offset":55}],"location":"com.testing.api.stepDefinitions.ResourceSteps.iSendADELETERequestToDeleteTheResourceWithID(java.lang.String)"},"keyword":"When "},{"result":{"error_message":"java.lang.AssertionError: expected:<200> but was:<404>\r\n\tat org.junit.Assert.fail(Assert.java:89)\r\n\tat org.junit.Assert.failNotEquals(Assert.java:835)\r\n\tat org.junit.Assert.assertEquals(Assert.java:647)\r\n\tat org.junit.Assert.assertEquals(Assert.java:633)\r\n\tat com.testing.api.stepDefinitions.ResourceSteps.theResponseShouldHaveAStatusCodeOf(ResourceSteps.java:86)\r\n\tat ✽.the response should have a status code of 200(file:///D:/Java%20Projects/assuredApi/src/test/resources/features/resource_testing_crud.feature:57)\r\n","duration":999200,"status":"failed"},"line":57,"name":"the response should have a status code of 200","match":{"arguments":[{"val":"200","offset":42}],"location":"com.testing.api.stepDefinitions.ResourceSteps.theResponseShouldHaveAStatusCodeOf(int)"},"keyword":"Then "},{"result":{"status":"skipped"},"line":58,"name":"validates the response with resource JSON schema","match":{"location":"com.testing.api.stepDefinitions.ResourceSteps.userValidatesResponseWithResourceJSONSchema()"},"keyword":"And "}],"tags":[{"name":"@active"},{"name":"@smoke"},{"name":"@regression"}]}],"name":"Resource testing CRUD","description":"","id":"resource-testing-crud","keyword":"Feature","uri":"file:src/test/resources/features/resource_testing_crud.feature","tags":[{"name":"@active","type":"Tag","location":{"line":1,"column":1}}]}]